Using pre-set license
Built from '2020.3/staging' branch; Version is '2020.3.6f1 (338bb68529b2) revision 3378102'; Using compiler version '192528614'; Build Type 'Release'
OS: 'Windows 10 Enterprise; OS build 19042.1110; Version 2009; 64bit' Language: 'en' Physical Memory: 32603 MB
BatchMode: 1, IsHumanControllingUs: 0, StartBugReporterOnCrash: 0, Is64bit: 1, IsPro: 0

 COMMAND LINE ARGUMENTS:
C:\Program Files\Unity2020.3.6f1\Editor\Unity.exe
-adb2
-batchMode
-noUpm
-name
AssetImportWorker0
-projectPath
C:/Users/s19161460/Downloads/Labwork/Labwork
-logFile
Logs/AssetImportWorker0.log
-srvPort
53006
Successfully changed project path to: C:/Users/s19161460/Downloads/Labwork/Labwork
C:/Users/s19161460/Downloads/Labwork/Labwork
Using Asset Import Pipeline V2.
Refreshing native plugins compatible for Editor in 20.11 ms, found 0 plugins.
Preloading 0 native plugins for Editor in 0.00 ms.
Initialize engine version: 2020.3.6f1 (338bb68529b2)
[Subsystems] Discovering subsystems at path C:/Program Files/Unity2020.3.6f1/Editor/Data/Resources/UnitySubsystems
[Subsystems] Discovering subsystems at path C:/Users/s19161460/Downloads/Labwork/Labwork/Assets
GfxDevice: creating device client; threaded=0
Direct3D:
    Version:  Direct3D 11.0 [level 11.1]
    Renderer: NVIDIA Quadro P2000 (ID=0x1c30)
    Vendor:   
    VRAM:     5032 MB
    Driver:   30.0.14.7111
Initialize mono
Mono path[0] = 'C:/Program Files/Unity2020.3.6f1/Editor/Data/Managed'
Mono path[1] = 'C:/Program Files/Unity2020.3.6f1/Editor/Data/MonoBleedingEdge/lib/mono/unityjit'
Mono config path = 'C:/Program Files/Unity2020.3.6f1/Editor/Data/MonoBleedingEdge/etc'
Using monoOptions --debugger-agent=transport=dt_socket,embedding=1,server=y,suspend=n,address=127.0.0.1:56892
Begin MonoManager ReloadAssembly
Registering precompiled unity dll's ...
Register platform support module: C:/Program Files/Unity2020.3.6f1/Editor/Data/PlaybackEngines/WebGLSupport/UnityEditor.WebGL.Extensions.dll
Register platform support module: C:/Program Files/Unity2020.3.6f1/Editor/Data/PlaybackEngines/MacStandaloneSupport/UnityEditor.OSXStandalone.Extensions.dll
Register platform support module: C:/Program Files/Unity2020.3.6f1/Editor/Data/PlaybackEngines/WindowsStandaloneSupport/UnityEditor.WindowsStandalone.Extensions.dll
Register platform support module: C:/Program Files/Unity2020.3.6f1/Editor/Data/PlaybackEngines/LinuxStandaloneSupport/UnityEditor.LinuxStandalone.Extensions.dll
Register platform support module: C:/Program Files/Unity2020.3.6f1/Editor/Data/PlaybackEngines/LuminSupport/UnityEditor.Lumin.Extensions.dll
Registered in 0.005037 seconds.
Native extension for Lumin target not found
Native extension for LinuxStandalone target not found
Native extension for WindowsStandalone target not found
Native extension for OSXStandalone target not found
Native extension for WebGL target not found
Refreshing native plugins compatible for Editor in 19.79 ms, found 0 plugins.
Preloading 0 native plugins for Editor in 0.00 ms.
Mono: successfully reloaded assembly
- Completed reload, in  1.446 seconds
Platform modules already initialized, skipping
Registering precompiled user dll's ...
Registered in 0.000952 seconds.
Begin MonoManager ReloadAssembly
Native extension for Lumin target not found
Native extension for LinuxStandalone target not found
Native extension for WindowsStandalone target not found
Native extension for OSXStandalone target not found
Native extension for WebGL target not found
Refreshing native plugins compatible for Editor in 0.18 ms, found 0 plugins.
Preloading 0 native plugins for Editor in 0.00 ms.
Mono: successfully reloaded assembly
- Completed reload, in  0.750 seconds
Platform modules already initialized, skipping
========================================================================
Worker process is ready to serve import requests
Launched and connected shader compiler UnityShaderCompiler.exe after 0.05 seconds
Refreshing native plugins compatible for Editor in 0.18 ms, found 0 plugins.
Preloading 0 native plugins for Editor in 0.00 ms.
Unloading 1126 Unused Serialized files (Serialized files now loaded: 0)
System memory in use before: 57.6 MB.
System memory in use after: 57.6 MB.

Unloading 10 unused Assets to reduce memory usage. Loaded Objects now: 1568.
Total: 2.053400 ms (FindLiveObjects: 0.264300 ms CreateObjectMapping: 0.119100 ms MarkObjects: 1.591400 ms  DeleteObjects: 0.074500 ms)

========================================================================
Received Import Request.
  path: Assets/Scripts/state.cs
  artifactKey: Guid(a8499a47610c72d4cab614d0de92705c) Importer(815301076,1909f56bfc062723c751e8b465ee728b)
Start importing Assets/Scripts/state.cs using Guid(a8499a47610c72d4cab614d0de92705c) Importer(815301076,1909f56bfc062723c751e8b465ee728b)  -> (artifact id: 'e22be7f41206f4216792f2abc7e6210a') in 0.020191 seconds
  Import took 0.021797 seconds .

========================================================================
Received Prepare
Registering precompiled user dll's ...
Registered in 0.000957 seconds.
Begin MonoManager ReloadAssembly
Native extension for Lumin target not found
Native extension for LinuxStandalone target not found
Native extension for WindowsStandalone target not found
Native extension for OSXStandalone target not found
Native extension for WebGL target not found
Refreshing native plugins compatible for Editor in 0.18 ms, found 0 plugins.
Preloading 0 native plugins for Editor in 0.00 ms.
Mono: successfully reloaded assembly
- Completed reload, in  0.679 seconds
Platform modules already initialized, skipping
Refreshing native plugins compatible for Editor in 0.17 ms, found 0 plugins.
Preloading 0 native plugins for Editor in 0.00 ms.
Unloading 1121 Unused Serialized files (Serialized files now loaded: 0)
System memory in use before: 57.5 MB.
System memory in use after: 57.6 MB.

Unloading 5 unused Assets to reduce memory usage. Loaded Objects now: 1571.
Total: 1.556400 ms (FindLiveObjects: 0.133100 ms CreateObjectMapping: 0.035300 ms MarkObjects: 1.338600 ms  DeleteObjects: 0.047700 ms)

========================================================================
Received Import Request.
  Time since last request: 144.201078 seconds.
  path: Assets/Scripts/state.cs
  artifactKey: Guid(a8499a47610c72d4cab614d0de92705c) Importer(815301076,1909f56bfc062723c751e8b465ee728b)
Start importing Assets/Scripts/state.cs using Guid(a8499a47610c72d4cab614d0de92705c) Importer(815301076,1909f56bfc062723c751e8b465ee728b)  -> (artifact id: '1036f9998ede8679d9dfcaec7dcccb0d') in 0.003794 seconds
  Import took 0.005607 seconds .

========================================================================
Received Import Request.
  Time since last request: 12.731800 seconds.
  path: Assets/Scripts/stateManager.cs
  artifactKey: Guid(9b5f8d3d6dc3682429793fa0fb5bb7ef) Importer(815301076,1909f56bfc062723c751e8b465ee728b)
Start importing Assets/Scripts/stateManager.cs using Guid(9b5f8d3d6dc3682429793fa0fb5bb7ef) Importer(815301076,1909f56bfc062723c751e8b465ee728b)  -> (artifact id: '8382f1e275c39a873850cd6f936a02cc') in 0.004174 seconds
  Import took 0.005960 seconds .

========================================================================
Received Prepare
Registering precompiled user dll's ...
Registered in 0.000892 seconds.
Begin MonoManager ReloadAssembly
Native extension for Lumin target not found
Native extension for LinuxStandalone target not found
Native extension for WindowsStandalone target not found
Native extension for OSXStandalone target not found
Native extension for WebGL target not found
Refreshing native plugins compatible for Editor in 0.29 ms, found 0 plugins.
Preloading 0 native plugins for Editor in 0.00 ms.
Mono: successfully reloaded assembly
- Completed reload, in  0.748 seconds
Platform modules already initialized, skipping
Refreshing native plugins compatible for Editor in 0.38 ms, found 0 plugins.
Preloading 0 native plugins for Editor in 0.00 ms.
Unloading 1122 Unused Serialized files (Serialized files now loaded: 0)
System memory in use before: 57.5 MB.
System memory in use after: 57.6 MB.

Unloading 5 unused Assets to reduce memory usage. Loaded Objects now: 1575.
Total: 1.822200 ms (FindLiveObjects: 0.174300 ms CreateObjectMapping: 0.049700 ms MarkObjects: 1.554000 ms  DeleteObjects: 0.042600 ms)

========================================================================
Received Prepare
Registering precompiled user dll's ...
Registered in 0.000898 seconds.
Begin MonoManager ReloadAssembly
Native extension for Lumin target not found
Native extension for LinuxStandalone target not found
Native extension for WindowsStandalone target not found
Native extension for OSXStandalone target not found
Native extension for WebGL target not found
Refreshing native plugins compatible for Editor in 0.18 ms, found 0 plugins.
Preloading 0 native plugins for Editor in 0.00 ms.
Mono: successfully reloaded assembly
- Completed reload, in  0.686 seconds
Platform modules already initialized, skipping
Refreshing native plugins compatible for Editor in 0.17 ms, found 0 plugins.
Preloading 0 native plugins for Editor in 0.00 ms.
Unloading 1122 Unused Serialized files (Serialized files now loaded: 0)
System memory in use before: 57.6 MB.
System memory in use after: 57.6 MB.

Unloading 5 unused Assets to reduce memory usage. Loaded Objects now: 1578.
Total: 1.731900 ms (FindLiveObjects: 0.182700 ms CreateObjectMapping: 0.046900 ms MarkObjects: 1.423300 ms  DeleteObjects: 0.076500 ms)

========================================================================
Received Import Request.
  Time since last request: 197.312905 seconds.
  path: Assets/Scripts/stateManager.cs
  artifactKey: Guid(9b5f8d3d6dc3682429793fa0fb5bb7ef) Importer(815301076,1909f56bfc062723c751e8b465ee728b)
Start importing Assets/Scripts/stateManager.cs using Guid(9b5f8d3d6dc3682429793fa0fb5bb7ef) Importer(815301076,1909f56bfc062723c751e8b465ee728b)  -> (artifact id: '1352bc7c3c920881f9ce3c9ed8aeaf4a') in 0.003863 seconds
  Import took 0.005287 seconds .

========================================================================
Received Import Request.
  Time since last request: 14.823246 seconds.
  path: Assets/Scripts/IdleState.cs
  artifactKey: Guid(737a1588c32e590409334e8b29087fd7) Importer(815301076,1909f56bfc062723c751e8b465ee728b)
Start importing Assets/Scripts/IdleState.cs using Guid(737a1588c32e590409334e8b29087fd7) Importer(815301076,1909f56bfc062723c751e8b465ee728b)  -> (artifact id: '06471db70f4191679349a7d747e3842d') in 0.002604 seconds
  Import took 0.004128 seconds .

========================================================================
Received Prepare
Registering precompiled user dll's ...
Registered in 0.000941 seconds.
Begin MonoManager ReloadAssembly
Native extension for Lumin target not found
Native extension for LinuxStandalone target not found
Native extension for WindowsStandalone target not found
Native extension for OSXStandalone target not found
Native extension for WebGL target not found
Refreshing native plugins compatible for Editor in 0.29 ms, found 0 plugins.
Preloading 0 native plugins for Editor in 0.00 ms.
Mono: successfully reloaded assembly
- Completed reload, in  0.706 seconds
Platform modules already initialized, skipping
Refreshing native plugins compatible for Editor in 0.18 ms, found 0 plugins.
Preloading 0 native plugins for Editor in 0.00 ms.
Unloading 1123 Unused Serialized files (Serialized files now loaded: 0)
System memory in use before: 57.6 MB.
System memory in use after: 57.7 MB.

Unloading 5 unused Assets to reduce memory usage. Loaded Objects now: 1582.
Total: 1.492400 ms (FindLiveObjects: 0.126800 ms CreateObjectMapping: 0.038500 ms MarkObjects: 1.285400 ms  DeleteObjects: 0.040900 ms)

========================================================================
Received Prepare
Registering precompiled user dll's ...
Registered in 0.000919 seconds.
Begin MonoManager ReloadAssembly
Native extension for Lumin target not found
Native extension for LinuxStandalone target not found
Native extension for WindowsStandalone target not found
Native extension for OSXStandalone target not found
Native extension for WebGL target not found
Refreshing native plugins compatible for Editor in 0.18 ms, found 0 plugins.
Preloading 0 native plugins for Editor in 0.00 ms.
Mono: successfully reloaded assembly
- Completed reload, in  0.696 seconds
Platform modules already initialized, skipping
Refreshing native plugins compatible for Editor in 0.18 ms, found 0 plugins.
Preloading 0 native plugins for Editor in 0.00 ms.
Unloading 1123 Unused Serialized files (Serialized files now loaded: 0)
System memory in use before: 57.6 MB.
System memory in use after: 57.7 MB.

Unloading 5 unused Assets to reduce memory usage. Loaded Objects now: 1585.
Total: 1.480400 ms (FindLiveObjects: 0.115700 ms CreateObjectMapping: 0.027400 ms MarkObjects: 1.301200 ms  DeleteObjects: 0.035600 ms)

========================================================================
Received Import Request.
  Time since last request: 233.931837 seconds.
  path: Assets/Scripts/IdleState.cs
  artifactKey: Guid(737a1588c32e590409334e8b29087fd7) Importer(815301076,1909f56bfc062723c751e8b465ee728b)
Start importing Assets/Scripts/IdleState.cs using Guid(737a1588c32e590409334e8b29087fd7) Importer(815301076,1909f56bfc062723c751e8b465ee728b)  -> (artifact id: '2b2659f038a6e11d6c8ce56e9c68a158') in 0.003875 seconds
  Import took 0.005544 seconds .

========================================================================
Received Import Request.
  Time since last request: 13.523205 seconds.
  path: Assets/Scripts/FleeState.cs
  artifactKey: Guid(a0730c457339f3747ad9e8e56e09ec8b) Importer(815301076,1909f56bfc062723c751e8b465ee728b)
Start importing Assets/Scripts/FleeState.cs using Guid(a0730c457339f3747ad9e8e56e09ec8b) Importer(815301076,1909f56bfc062723c751e8b465ee728b)  -> (artifact id: '7f61f04e483855ad102ba48eab2bb1a1') in 0.002646 seconds
  Import took 0.004783 seconds .

========================================================================
Received Prepare
Registering precompiled user dll's ...
Registered in 0.000957 seconds.
Begin MonoManager ReloadAssembly
Native extension for Lumin target not found
Native extension for LinuxStandalone target not found
Native extension for WindowsStandalone target not found
Native extension for OSXStandalone target not found
Native extension for WebGL target not found
Refreshing native plugins compatible for Editor in 0.19 ms, found 0 plugins.
Preloading 0 native plugins for Editor in 0.00 ms.
Mono: successfully reloaded assembly
- Completed reload, in  0.695 seconds
Platform modules already initialized, skipping
Refreshing native plugins compatible for Editor in 0.18 ms, found 0 plugins.
Preloading 0 native plugins for Editor in 0.00 ms.
Unloading 1124 Unused Serialized files (Serialized files now loaded: 0)
System memory in use before: 57.6 MB.
System memory in use after: 57.7 MB.

Unloading 5 unused Assets to reduce memory usage. Loaded Objects now: 1589.
Total: 1.552900 ms (FindLiveObjects: 0.115800 ms CreateObjectMapping: 0.031300 ms MarkObjects: 1.360500 ms  DeleteObjects: 0.044300 ms)

========================================================================
Received Prepare
Registering precompiled user dll's ...
Registered in 0.001227 seconds.
Begin MonoManager ReloadAssembly
Native extension for Lumin target not found
Native extension for LinuxStandalone target not found
Native extension for WindowsStandalone target not found
Native extension for OSXStandalone target not found
Native extension for WebGL target not found
Refreshing native plugins compatible for Editor in 0.18 ms, found 0 plugins.
Preloading 0 native plugins for Editor in 0.00 ms.
Mono: successfully reloaded assembly
- Completed reload, in  0.703 seconds
Platform modules already initialized, skipping
Refreshing native plugins compatible for Editor in 0.18 ms, found 0 plugins.
Preloading 0 native plugins for Editor in 0.00 ms.
Unloading 1124 Unused Serialized files (Serialized files now loaded: 0)
System memory in use before: 57.6 MB.
System memory in use after: 57.7 MB.

Unloading 5 unused Assets to reduce memory usage. Loaded Objects now: 1592.
Total: 1.582400 ms (FindLiveObjects: 0.140200 ms CreateObjectMapping: 0.035200 ms MarkObjects: 1.361700 ms  DeleteObjects: 0.044400 ms)

========================================================================
Received Import Request.
  Time since last request: 94.764407 seconds.
  path: Assets/Scripts/FleeState.cs
  artifactKey: Guid(a0730c457339f3747ad9e8e56e09ec8b) Importer(815301076,1909f56bfc062723c751e8b465ee728b)
Start importing Assets/Scripts/FleeState.cs using Guid(a0730c457339f3747ad9e8e56e09ec8b) Importer(815301076,1909f56bfc062723c751e8b465ee728b)  -> (artifact id: '8821626d7dce67cbf844fb1499d5f2c4') in 0.003861 seconds
  Import took 0.005739 seconds .

========================================================================
Received Import Request.
  Time since last request: 13.363053 seconds.
  path: Assets/Scripts/Agent.cs
  artifactKey: Guid(cc17cabc7181f114bb5e9cb4d9235eff) Importer(815301076,1909f56bfc062723c751e8b465ee728b)
Start importing Assets/Scripts/Agent.cs using Guid(cc17cabc7181f114bb5e9cb4d9235eff) Importer(815301076,1909f56bfc062723c751e8b465ee728b)  -> (artifact id: 'f75646ab84e3ddae6b141969738d72fd') in 0.002589 seconds
  Import took 0.004253 seconds .

========================================================================
Received Prepare
Registering precompiled user dll's ...
Registered in 0.000915 seconds.
Begin MonoManager ReloadAssembly
Native extension for Lumin target not found
Native extension for LinuxStandalone target not found
Native extension for WindowsStandalone target not found
Native extension for OSXStandalone target not found
Native extension for WebGL target not found
Refreshing native plugins compatible for Editor in 0.18 ms, found 0 plugins.
Preloading 0 native plugins for Editor in 0.00 ms.
Mono: successfully reloaded assembly
- Completed reload, in  0.727 seconds
Platform modules already initialized, skipping
Refreshing native plugins compatible for Editor in 0.18 ms, found 0 plugins.
Preloading 0 native plugins for Editor in 0.00 ms.
Unloading 1125 Unused Serialized files (Serialized files now loaded: 0)
System memory in use before: 57.7 MB.
System memory in use after: 57.7 MB.

Unloading 5 unused Assets to reduce memory usage. Loaded Objects now: 1596.
Total: 1.658100 ms (FindLiveObjects: 0.102300 ms CreateObjectMapping: 0.028200 ms MarkObjects: 1.489100 ms  DeleteObjects: 0.037800 ms)

========================================================================
Received Prepare
Registering precompiled user dll's ...
Registered in 0.001031 seconds.
Begin MonoManager ReloadAssembly
Native extension for Lumin target not found
Native extension for LinuxStandalone target not found
Native extension for WindowsStandalone target not found
Native extension for OSXStandalone target not found
Native extension for WebGL target not found
Refreshing native plugins compatible for Editor in 0.18 ms, found 0 plugins.
Preloading 0 native plugins for Editor in 0.00 ms.
Mono: successfully reloaded assembly
- Completed reload, in  0.683 seconds
Platform modules already initialized, skipping
Refreshing native plugins compatible for Editor in 0.17 ms, found 0 plugins.
Preloading 0 native plugins for Editor in 0.00 ms.
Unloading 1125 Unused Serialized files (Serialized files now loaded: 0)
System memory in use before: 57.7 MB.
System memory in use after: 57.7 MB.

Unloading 5 unused Assets to reduce memory usage. Loaded Objects now: 1599.
Total: 1.670100 ms (FindLiveObjects: 0.252300 ms CreateObjectMapping: 0.045600 ms MarkObjects: 1.325400 ms  DeleteObjects: 0.044200 ms)

========================================================================
Received Import Request.
  Time since last request: 349.078419 seconds.
  path: Assets/Scripts/Agent.cs
  artifactKey: Guid(cc17cabc7181f114bb5e9cb4d9235eff) Importer(815301076,1909f56bfc062723c751e8b465ee728b)
Start importing Assets/Scripts/Agent.cs using Guid(cc17cabc7181f114bb5e9cb4d9235eff) Importer(815301076,1909f56bfc062723c751e8b465ee728b)  -> (artifact id: '265961d8f51d27e8fedaade87705ee0e') in 0.003811 seconds
  Import took 0.005724 seconds .

========================================================================
Received Import Request.
  Time since last request: 2556.076065 seconds.
  path: Assets/Scripts/IdleState.cs
  artifactKey: Guid(737a1588c32e590409334e8b29087fd7) Importer(815301076,1909f56bfc062723c751e8b465ee728b)
Start importing Assets/Scripts/IdleState.cs using Guid(737a1588c32e590409334e8b29087fd7) Importer(815301076,1909f56bfc062723c751e8b465ee728b)  -> (artifact id: 'aff9040fccfda0671347e2a71ebff469') in 0.002514 seconds
  Import took 0.005111 seconds .

========================================================================
Received Import Request.
  Time since last request: 13.992401 seconds.
  path: Assets/Scripts/wanderstate.cs
  artifactKey: Guid(3a28854624c40d3409b8790dc366a3f6) Importer(815301076,1909f56bfc062723c751e8b465ee728b)
Start importing Assets/Scripts/wanderstate.cs using Guid(3a28854624c40d3409b8790dc366a3f6) Importer(815301076,1909f56bfc062723c751e8b465ee728b)  -> (artifact id: 'd77305230344e66e335d44efc6ec268d') in 0.004889 seconds
  Import took 0.006906 seconds .

========================================================================
Received Import Request.
  Time since last request: 1693.557789 seconds.
  path: Assets/Scripts/wanderstate.cs
  artifactKey: Guid(3a28854624c40d3409b8790dc366a3f6) Importer(815301076,1909f56bfc062723c751e8b465ee728b)
Start importing Assets/Scripts/wanderstate.cs using Guid(3a28854624c40d3409b8790dc366a3f6) Importer(815301076,1909f56bfc062723c751e8b465ee728b)  -> (artifact id: '54e6b641214769739a3ef4d3565ad237') in 0.002702 seconds
  Import took 0.004563 seconds .

========================================================================
Received Import Request.
  Time since last request: 51.537052 seconds.
  path: Assets/Scripts/seekstate.cs
  artifactKey: Guid(59cc39cdec63b1d4fb21e39fdb2fa68a) Importer(815301076,1909f56bfc062723c751e8b465ee728b)
Start importing Assets/Scripts/seekstate.cs using Guid(59cc39cdec63b1d4fb21e39fdb2fa68a) Importer(815301076,1909f56bfc062723c751e8b465ee728b)  -> (artifact id: '531e011a4ce6cca21019d7d726db1b60') in 0.004053 seconds
  Import took 0.006032 seconds .

========================================================================
Received Import Request.
  Time since last request: 32.263547 seconds.
  path: Assets/Scripts/state.cs
  artifactKey: Guid(a8499a47610c72d4cab614d0de92705c) Importer(815301076,1909f56bfc062723c751e8b465ee728b)
Start importing Assets/Scripts/state.cs using Guid(a8499a47610c72d4cab614d0de92705c) Importer(815301076,1909f56bfc062723c751e8b465ee728b)  -> (artifact id: '3cbed9632d5e260b6eab49c5141fe40b') in 0.002232 seconds
  Import took 0.003723 seconds .

========================================================================
Received Import Request.
  Time since last request: 11.436256 seconds.
  path: Assets/Scripts/sensors.cs
  artifactKey: Guid(f1561a8ce003da04d8f9e5a9c959cea4) Importer(815301076,1909f56bfc062723c751e8b465ee728b)
Start importing Assets/Scripts/sensors.cs using Guid(f1561a8ce003da04d8f9e5a9c959cea4) Importer(815301076,1909f56bfc062723c751e8b465ee728b)  -> (artifact id: '663a6b02566b0a903894d25fae3e78bd') in 0.002638 seconds
  Import took 0.004530 seconds .

========================================================================
Received Import Request.
  Time since last request: 0.001361 seconds.
  path: Assets/Scripts/sensors.cs
  artifactKey: Guid(f1561a8ce003da04d8f9e5a9c959cea4) Importer(815301076,1909f56bfc062723c751e8b465ee728b)
Start importing Assets/Scripts/sensors.cs using Guid(f1561a8ce003da04d8f9e5a9c959cea4) Importer(815301076,1909f56bfc062723c751e8b465ee728b)  -> (artifact id: '663a6b02566b0a903894d25fae3e78bd') in 0.002571 seconds
  Import took 0.004122 seconds .

========================================================================
Received Import Request.
  Time since last request: 155.875763 seconds.
  path: Assets/Scripts/seekstate.cs
  artifactKey: Guid(59cc39cdec63b1d4fb21e39fdb2fa68a) Importer(815301076,1909f56bfc062723c751e8b465ee728b)
Start importing Assets/Scripts/seekstate.cs using Guid(59cc39cdec63b1d4fb21e39fdb2fa68a) Importer(815301076,1909f56bfc062723c751e8b465ee728b)  -> (artifact id: '9118b604847ba11e2b11d50ce38c701b') in 0.002858 seconds
  Import took 0.004531 seconds .

========================================================================
Received Prepare
Registering precompiled user dll's ...
Registered in 0.000962 seconds.
Begin MonoManager ReloadAssembly
Native extension for Lumin target not found
Native extension for LinuxStandalone target not found
Native extension for WindowsStandalone target not found
Native extension for OSXStandalone target not found
Native extension for WebGL target not found
Refreshing native plugins compatible for Editor in 0.18 ms, found 0 plugins.
Preloading 0 native plugins for Editor in 0.00 ms.
Mono: successfully reloaded assembly
- Completed reload, in  0.676 seconds
Platform modules already initialized, skipping
Refreshing native plugins compatible for Editor in 0.18 ms, found 0 plugins.
Preloading 0 native plugins for Editor in 0.00 ms.
Unloading 1127 Unused Serialized files (Serialized files now loaded: 0)
System memory in use before: 57.7 MB.
System memory in use after: 57.8 MB.

Unloading 5 unused Assets to reduce memory usage. Loaded Objects now: 1604.
Total: 1.718300 ms (FindLiveObjects: 0.196800 ms CreateObjectMapping: 0.064000 ms MarkObjects: 1.406900 ms  DeleteObjects: 0.049500 ms)

========================================================================
Received Prepare
Registering precompiled user dll's ...
Registered in 0.000894 seconds.
Begin MonoManager ReloadAssembly
Native extension for Lumin target not found
Native extension for LinuxStandalone target not found
Native extension for WindowsStandalone target not found
Native extension for OSXStandalone target not found
Native extension for WebGL target not found
Refreshing native plugins compatible for Editor in 0.17 ms, found 0 plugins.
Preloading 0 native plugins for Editor in 0.00 ms.
Mono: successfully reloaded assembly
- Completed reload, in  0.680 seconds
Platform modules already initialized, skipping
Refreshing native plugins compatible for Editor in 0.17 ms, found 0 plugins.
Preloading 0 native plugins for Editor in 0.00 ms.
Unloading 1127 Unused Serialized files (Serialized files now loaded: 0)
System memory in use before: 57.7 MB.
System memory in use after: 57.8 MB.

Unloading 5 unused Assets to reduce memory usage. Loaded Objects now: 1607.
Total: 1.740400 ms (FindLiveObjects: 0.184400 ms CreateObjectMapping: 0.049600 ms MarkObjects: 1.457400 ms  DeleteObjects: 0.046500 ms)

========================================================================
Received Import Request.
  Time since last request: 165.839418 seconds.
  path: Assets/Scripts/Agent.cs
  artifactKey: Guid(cc17cabc7181f114bb5e9cb4d9235eff) Importer(815301076,1909f56bfc062723c751e8b465ee728b)
Start importing Assets/Scripts/Agent.cs using Guid(cc17cabc7181f114bb5e9cb4d9235eff) Importer(815301076,1909f56bfc062723c751e8b465ee728b)  -> (artifact id: '9b8886478b796878a218702d804db318') in 0.003936 seconds
  Import took 0.005725 seconds .

========================================================================
Received Import Request.
  Time since last request: 0.021632 seconds.
  path: Assets/Scripts/Agent.cs
  artifactKey: Guid(cc17cabc7181f114bb5e9cb4d9235eff) Importer(815301076,1909f56bfc062723c751e8b465ee728b)
Start importing Assets/Scripts/Agent.cs using Guid(cc17cabc7181f114bb5e9cb4d9235eff) Importer(815301076,1909f56bfc062723c751e8b465ee728b)  -> (artifact id: '9b8886478b796878a218702d804db318') in 0.002692 seconds
  Import took 0.004222 seconds .

========================================================================
Received Prepare
Registering precompiled user dll's ...
Registered in 0.001025 seconds.
Begin MonoManager ReloadAssembly
Native extension for Lumin target not found
Native extension for LinuxStandalone target not found
Native extension for WindowsStandalone target not found
Native extension for OSXStandalone target not found
Native extension for WebGL target not found
Refreshing native plugins compatible for Editor in 0.18 ms, found 0 plugins.
Preloading 0 native plugins for Editor in 0.00 ms.
Mono: successfully reloaded assembly
- Completed reload, in  0.710 seconds
Platform modules already initialized, skipping
Refreshing native plugins compatible for Editor in 0.17 ms, found 0 plugins.
Preloading 0 native plugins for Editor in 0.00 ms.
Unloading 1127 Unused Serialized files (Serialized files now loaded: 0)
System memory in use before: 57.7 MB.
System memory in use after: 57.8 MB.

Unloading 5 unused Assets to reduce memory usage. Loaded Objects now: 1610.
Total: 1.649300 ms (FindLiveObjects: 0.106500 ms CreateObjectMapping: 0.026900 ms MarkObjects: 1.477200 ms  DeleteObjects: 0.037900 ms)

========================================================================
Received Import Request.
  Time since last request: 15.106957 seconds.
  path: Assets/Scripts/agent.cs
  artifactKey: Guid(cc17cabc7181f114bb5e9cb4d9235eff) Importer(815301076,1909f56bfc062723c751e8b465ee728b)
Start importing Assets/Scripts/agent.cs using Guid(cc17cabc7181f114bb5e9cb4d9235eff) Importer(815301076,1909f56bfc062723c751e8b465ee728b)  -> (artifact id: '3960e58a8f76a3bdaa8a448f7e26850b') in 0.004286 seconds
  Import took 0.006301 seconds .

========================================================================
Received Prepare
Registering precompiled user dll's ...
Registered in 0.000866 seconds.
Begin MonoManager ReloadAssembly
Native extension for Lumin target not found
Native extension for LinuxStandalone target not found
Native extension for WindowsStandalone target not found
Native extension for OSXStandalone target not found
Native extension for WebGL target not found
Refreshing native plugins compatible for Editor in 0.18 ms, found 0 plugins.
Preloading 0 native plugins for Editor in 0.00 ms.
Mono: successfully reloaded assembly
- Completed reload, in  0.681 seconds
Platform modules already initialized, skipping
Refreshing native plugins compatible for Editor in 0.18 ms, found 0 plugins.
Preloading 0 native plugins for Editor in 0.00 ms.
Unloading 1127 Unused Serialized files (Serialized files now loaded: 0)
System memory in use before: 57.7 MB.
System memory in use after: 57.8 MB.

Unloading 5 unused Assets to reduce memory usage. Loaded Objects now: 1613.
Total: 1.661000 ms (FindLiveObjects: 0.126500 ms CreateObjectMapping: 0.030600 ms MarkObjects: 1.459400 ms  DeleteObjects: 0.043600 ms)

========================================================================
Received Prepare
Registering precompiled user dll's ...
Registered in 0.000885 seconds.
Begin MonoManager ReloadAssembly
Native extension for Lumin target not found
Native extension for LinuxStandalone target not found
Native extension for WindowsStandalone target not found
Native extension for OSXStandalone target not found
Native extension for WebGL target not found
Refreshing native plugins compatible for Editor in 0.29 ms, found 0 plugins.
Preloading 0 native plugins for Editor in 0.00 ms.
Mono: successfully reloaded assembly
- Completed reload, in  0.673 seconds
Platform modules already initialized, skipping
Refreshing native plugins compatible for Editor in 0.18 ms, found 0 plugins.
Preloading 0 native plugins for Editor in 0.04 ms.
Unloading 1127 Unused Serialized files (Serialized files now loaded: 0)
System memory in use before: 57.7 MB.
System memory in use after: 57.8 MB.

Unloading 5 unused Assets to reduce memory usage. Loaded Objects now: 1616.
Total: 1.644400 ms (FindLiveObjects: 0.105000 ms CreateObjectMapping: 0.032100 ms MarkObjects: 1.469400 ms  DeleteObjects: 0.037200 ms)

AssetImportWorkerClient::OnTransportError - code=2 error=End of file
