Using pre-set license
Built from '2020.3/staging' branch; Version is '2020.3.6f1 (338bb68529b2) revision 3378102'; Using compiler version '192528614'; Build Type 'Release'
OS: 'Windows 10 Enterprise; OS build 19042.1288; Version 2009; 64bit' Language: 'en' Physical Memory: 32603 MB
BatchMode: 1, IsHumanControllingUs: 0, StartBugReporterOnCrash: 0, Is64bit: 1, IsPro: 0

 COMMAND LINE ARGUMENTS:
C:\Program Files\Unity2020.3.6f1\Editor\Unity.exe
-adb2
-batchMode
-noUpm
-name
AssetImportWorker0
-projectPath
V:/FlockingBirds
-logFile
Logs/AssetImportWorker0.log
-srvPort
57774
Successfully changed project path to: V:/FlockingBirds
V:/FlockingBirds
Using Asset Import Pipeline V2.
Refreshing native plugins compatible for Editor in 19.37 ms, found 0 plugins.
Preloading 0 native plugins for Editor in 0.00 ms.
Initialize engine version: 2020.3.6f1 (338bb68529b2)
[Subsystems] Discovering subsystems at path C:/Program Files/Unity2020.3.6f1/Editor/Data/Resources/UnitySubsystems
[Subsystems] Discovering subsystems at path V:/FlockingBirds/Assets
GfxDevice: creating device client; threaded=0
Direct3D:
    Version:  Direct3D 11.0 [level 11.1]
    Renderer: NVIDIA Quadro P2000 (ID=0x1c30)
    Vendor:   
    VRAM:     5032 MB
    Driver:   30.0.14.7111
Initialize mono
Mono path[0] = 'C:/Program Files/Unity2020.3.6f1/Editor/Data/Managed'
Mono path[1] = 'C:/Program Files/Unity2020.3.6f1/Editor/Data/MonoBleedingEdge/lib/mono/unityjit'
Mono config path = 'C:/Program Files/Unity2020.3.6f1/Editor/Data/MonoBleedingEdge/etc'
Using monoOptions --debugger-agent=transport=dt_socket,embedding=1,server=y,suspend=n,address=127.0.0.1:56348
Begin MonoManager ReloadAssembly
Registering precompiled unity dll's ...
Register platform support module: C:/Program Files/Unity2020.3.6f1/Editor/Data/PlaybackEngines/WebGLSupport/UnityEditor.WebGL.Extensions.dll
Register platform support module: C:/Program Files/Unity2020.3.6f1/Editor/Data/PlaybackEngines/MacStandaloneSupport/UnityEditor.OSXStandalone.Extensions.dll
Register platform support module: C:/Program Files/Unity2020.3.6f1/Editor/Data/PlaybackEngines/WindowsStandaloneSupport/UnityEditor.WindowsStandalone.Extensions.dll
Register platform support module: C:/Program Files/Unity2020.3.6f1/Editor/Data/PlaybackEngines/LinuxStandaloneSupport/UnityEditor.LinuxStandalone.Extensions.dll
Register platform support module: C:/Program Files/Unity2020.3.6f1/Editor/Data/PlaybackEngines/LuminSupport/UnityEditor.Lumin.Extensions.dll
Registered in 0.004800 seconds.
Native extension for Lumin target not found
Native extension for LinuxStandalone target not found
Native extension for WindowsStandalone target not found
Native extension for OSXStandalone target not found
Native extension for WebGL target not found
Refreshing native plugins compatible for Editor in 21.55 ms, found 0 plugins.
Preloading 0 native plugins for Editor in 0.00 ms.
Mono: successfully reloaded assembly
- Completed reload, in  1.263 seconds
Platform modules already initialized, skipping
Registering precompiled user dll's ...
Registered in 0.000752 seconds.
Begin MonoManager ReloadAssembly
Native extension for Lumin target not found
Native extension for LinuxStandalone target not found
Native extension for WindowsStandalone target not found
Native extension for OSXStandalone target not found
Native extension for WebGL target not found
Refreshing native plugins compatible for Editor in 0.18 ms, found 0 plugins.
Preloading 0 native plugins for Editor in 0.00 ms.
Mono: successfully reloaded assembly
- Completed reload, in  0.725 seconds
Platform modules already initialized, skipping
========================================================================
Worker process is ready to serve import requests
Launched and connected shader compiler UnityShaderCompiler.exe after 0.05 seconds
Refreshing native plugins compatible for Editor in 0.29 ms, found 0 plugins.
Preloading 0 native plugins for Editor in 0.00 ms.
Unloading 1125 Unused Serialized files (Serialized files now loaded: 0)
System memory in use before: 57.5 MB.
System memory in use after: 57.5 MB.

Unloading 10 unused Assets to reduce memory usage. Loaded Objects now: 1567.
Total: 1.550400 ms (FindLiveObjects: 0.102800 ms CreateObjectMapping: 0.026100 ms MarkObjects: 1.360200 ms  DeleteObjects: 0.060700 ms)

========================================================================
Received Import Request.
  path: Assets/Prefab/birdoid.prefab
  artifactKey: Guid(935d8c11b960e56469b78f91529749df) Importer(815301076,1909f56bfc062723c751e8b465ee728b)
Start importing Assets/Prefab/birdoid.prefab using Guid(935d8c11b960e56469b78f91529749df) Importer(815301076,1909f56bfc062723c751e8b465ee728b)  -> (artifact id: 'ed7f590c49a3776f35dc342c70dad096') in 0.083198 seconds
  Import took 0.084836 seconds .

========================================================================
Received Import Request.
  Time since last request: 5.820536 seconds.
  path: Assets/Script/FlockEntity.cs
  artifactKey: Guid(6ac2b92999fde8f4a9ad3e3bc8bcf1dc) Importer(815301076,1909f56bfc062723c751e8b465ee728b)
Start importing Assets/Script/FlockEntity.cs using Guid(6ac2b92999fde8f4a9ad3e3bc8bcf1dc) Importer(815301076,1909f56bfc062723c751e8b465ee728b)  -> (artifact id: '1f71bb7a62e8665a1308c52e3a885d30') in 0.009498 seconds
  Import took 0.011122 seconds .

========================================================================
Received Prepare
Refreshing native plugins compatible for Editor in 0.68 ms, found 0 plugins.
Preloading 0 native plugins for Editor in 0.00 ms.
Unloading 3 Unused Serialized files (Serialized files now loaded: 0)
System memory in use before: 38.5 MB.
System memory in use after: 38.5 MB.

Unloading 4 unused Assets to reduce memory usage. Loaded Objects now: 1575.
Total: 1.860400 ms (FindLiveObjects: 0.108900 ms CreateObjectMapping: 0.027400 ms MarkObjects: 1.679500 ms  DeleteObjects: 0.043700 ms)

========================================================================
Received Import Request.
  Time since last request: 247.319921 seconds.
  path: Assets/Script/GlobalFlock.cs
  artifactKey: Guid(e6c84bdb0dae4af409af712abd448494) Importer(815301076,1909f56bfc062723c751e8b465ee728b)
Start importing Assets/Script/GlobalFlock.cs using Guid(e6c84bdb0dae4af409af712abd448494) Importer(815301076,1909f56bfc062723c751e8b465ee728b)  -> (artifact id: '872f99254d7b341b4b437094fc5cb54a') in 0.002488 seconds
  Import took 0.004443 seconds .

========================================================================
Received Import Request.
  Time since last request: 0.000612 seconds.
  path: Assets/Script/GlobalFlock.cs
  artifactKey: Guid(e6c84bdb0dae4af409af712abd448494) Importer(815301076,1909f56bfc062723c751e8b465ee728b)
Start importing Assets/Script/GlobalFlock.cs using Guid(e6c84bdb0dae4af409af712abd448494) Importer(815301076,1909f56bfc062723c751e8b465ee728b)  -> (artifact id: '872f99254d7b341b4b437094fc5cb54a') in 0.001785 seconds
  Import took 0.003284 seconds .

========================================================================
Received Prepare
Registering precompiled user dll's ...
Registered in 0.000731 seconds.
Begin MonoManager ReloadAssembly
Native extension for Lumin target not found
Native extension for LinuxStandalone target not found
Native extension for WindowsStandalone target not found
Native extension for OSXStandalone target not found
Native extension for WebGL target not found
Refreshing native plugins compatible for Editor in 0.18 ms, found 0 plugins.
Preloading 0 native plugins for Editor in 0.00 ms.
Mono: successfully reloaded assembly
- Completed reload, in  0.698 seconds
Platform modules already initialized, skipping
Refreshing native plugins compatible for Editor in 0.18 ms, found 0 plugins.
Preloading 0 native plugins for Editor in 0.00 ms.
Unloading 1120 Unused Serialized files (Serialized files now loaded: 0)
System memory in use before: 60.6 MB.
System memory in use after: 60.7 MB.

Unloading 5 unused Assets to reduce memory usage. Loaded Objects now: 1578.
Total: 1.364800 ms (FindLiveObjects: 0.118900 ms CreateObjectMapping: 0.032200 ms MarkObjects: 1.172800 ms  DeleteObjects: 0.039800 ms)

========================================================================
Received Prepare
Registering precompiled user dll's ...
Registered in 0.000737 seconds.
Begin MonoManager ReloadAssembly
Native extension for Lumin target not found
Native extension for LinuxStandalone target not found
Native extension for WindowsStandalone target not found
Native extension for OSXStandalone target not found
Native extension for WebGL target not found
Refreshing native plugins compatible for Editor in 0.18 ms, found 0 plugins.
Preloading 0 native plugins for Editor in 0.00 ms.
Mono: successfully reloaded assembly
- Completed reload, in  0.672 seconds
Platform modules already initialized, skipping
Refreshing native plugins compatible for Editor in 0.21 ms, found 0 plugins.
Preloading 0 native plugins for Editor in 0.00 ms.
Unloading 1120 Unused Serialized files (Serialized files now loaded: 0)
System memory in use before: 60.6 MB.
System memory in use after: 60.7 MB.

Unloading 5 unused Assets to reduce memory usage. Loaded Objects now: 1581.
Total: 1.513600 ms (FindLiveObjects: 0.130800 ms CreateObjectMapping: 0.035900 ms MarkObjects: 1.301000 ms  DeleteObjects: 0.044400 ms)

AssetImportWorkerClient::OnTransportError - code=2 error=End of file
