Using pre-set license
Built from '2020.3/staging' branch; Version is '2020.3.6f1 (338bb68529b2) revision 3378102'; Using compiler version '192528614'; Build Type 'Release'
OS: 'Windows 10 Enterprise; OS build 19042.1288; Version 2009; 64bit' Language: 'en' Physical Memory: 32603 MB
BatchMode: 1, IsHumanControllingUs: 0, StartBugReporterOnCrash: 0, Is64bit: 1, IsPro: 0

 COMMAND LINE ARGUMENTS:
C:\Program Files\Unity2020.3.6f1\Editor\Unity.exe
-adb2
-batchMode
-noUpm
-name
AssetImportWorker0
-projectPath
C:/Users/s19161460/Downloads/GOAP (2)/GOAP/GOAP
-logFile
Logs/AssetImportWorker0.log
-srvPort
64657
Successfully changed project path to: C:/Users/s19161460/Downloads/GOAP (2)/GOAP/GOAP
C:/Users/s19161460/Downloads/GOAP (2)/GOAP/GOAP
Using Asset Import Pipeline V2.
Refreshing native plugins compatible for Editor in 29.71 ms, found 0 plugins.
Preloading 0 native plugins for Editor in 0.00 ms.
Initialize engine version: 2020.3.6f1 (338bb68529b2)
[Subsystems] Discovering subsystems at path C:/Program Files/Unity2020.3.6f1/Editor/Data/Resources/UnitySubsystems
[Subsystems] Discovering subsystems at path C:/Users/s19161460/Downloads/GOAP (2)/GOAP/GOAP/Assets
GfxDevice: creating device client; threaded=0
Direct3D:
    Version:  Direct3D 11.0 [level 11.1]
    Renderer: NVIDIA Quadro P2000 (ID=0x1c30)
    Vendor:   
    VRAM:     5032 MB
    Driver:   30.0.14.7111
Initialize mono
Mono path[0] = 'C:/Program Files/Unity2020.3.6f1/Editor/Data/Managed'
Mono path[1] = 'C:/Program Files/Unity2020.3.6f1/Editor/Data/MonoBleedingEdge/lib/mono/unityjit'
Mono config path = 'C:/Program Files/Unity2020.3.6f1/Editor/Data/MonoBleedingEdge/etc'
Using monoOptions --debugger-agent=transport=dt_socket,embedding=1,server=y,suspend=n,address=127.0.0.1:56392
Begin MonoManager ReloadAssembly
Registering precompiled unity dll's ...
Register platform support module: C:/Program Files/Unity2020.3.6f1/Editor/Data/PlaybackEngines/WebGLSupport/UnityEditor.WebGL.Extensions.dll
Register platform support module: C:/Program Files/Unity2020.3.6f1/Editor/Data/PlaybackEngines/MacStandaloneSupport/UnityEditor.OSXStandalone.Extensions.dll
Register platform support module: C:/Program Files/Unity2020.3.6f1/Editor/Data/PlaybackEngines/WindowsStandaloneSupport/UnityEditor.WindowsStandalone.Extensions.dll
Register platform support module: C:/Program Files/Unity2020.3.6f1/Editor/Data/PlaybackEngines/LinuxStandaloneSupport/UnityEditor.LinuxStandalone.Extensions.dll
Register platform support module: C:/Program Files/Unity2020.3.6f1/Editor/Data/PlaybackEngines/LuminSupport/UnityEditor.Lumin.Extensions.dll
Registered in 0.005291 seconds.
Native extension for Lumin target not found
Native extension for LinuxStandalone target not found
Native extension for WindowsStandalone target not found
Native extension for OSXStandalone target not found
Native extension for WebGL target not found
Refreshing native plugins compatible for Editor in 28.48 ms, found 0 plugins.
Preloading 0 native plugins for Editor in 0.00 ms.
Mono: successfully reloaded assembly
- Completed reload, in  1.774 seconds
Platform modules already initialized, skipping
Registering precompiled user dll's ...
Registered in 0.001420 seconds.
Begin MonoManager ReloadAssembly
Native extension for Lumin target not found
Native extension for LinuxStandalone target not found
Native extension for WindowsStandalone target not found
Native extension for OSXStandalone target not found
Native extension for WebGL target not found
Refreshing native plugins compatible for Editor in 0.19 ms, found 0 plugins.
Preloading 0 native plugins for Editor in 0.00 ms.
Mono: successfully reloaded assembly
- Completed reload, in  1.118 seconds
Platform modules already initialized, skipping
========================================================================
Worker process is ready to serve import requests
Launched and connected shader compiler UnityShaderCompiler.exe after 0.06 seconds
Refreshing native plugins compatible for Editor in 0.39 ms, found 0 plugins.
Preloading 0 native plugins for Editor in 0.00 ms.
Unloading 1128 Unused Serialized files (Serialized files now loaded: 0)
System memory in use before: 57.8 MB.
System memory in use after: 57.9 MB.

Unloading 10 unused Assets to reduce memory usage. Loaded Objects now: 1572.
Total: 3.096100 ms (FindLiveObjects: 0.205200 ms CreateObjectMapping: 0.059900 ms MarkObjects: 2.734100 ms  DeleteObjects: 0.095600 ms)

========================================================================
Received Import Request.
  path: Assets/Scripts/Actions.cs
  artifactKey: Guid(d9d9517a456b84046bff7d5ca5b6bc08) Importer(815301076,1909f56bfc062723c751e8b465ee728b)
Start importing Assets/Scripts/Actions.cs using Guid(d9d9517a456b84046bff7d5ca5b6bc08) Importer(815301076,1909f56bfc062723c751e8b465ee728b)  -> (artifact id: 'df6cb4ee162779fc1afd4410add8fcf6') in 0.049859 seconds
  Import took 0.052362 seconds .

========================================================================
Received Prepare
Registering precompiled user dll's ...
Registered in 0.001009 seconds.
Begin MonoManager ReloadAssembly
Native extension for Lumin target not found
Native extension for LinuxStandalone target not found
Native extension for WindowsStandalone target not found
Native extension for OSXStandalone target not found
Native extension for WebGL target not found
Refreshing native plugins compatible for Editor in 0.18 ms, found 0 plugins.
Preloading 0 native plugins for Editor in 0.00 ms.
Mono: successfully reloaded assembly
- Completed reload, in  0.732 seconds
Platform modules already initialized, skipping
Refreshing native plugins compatible for Editor in 0.18 ms, found 0 plugins.
Preloading 0 native plugins for Editor in 0.00 ms.
Unloading 1123 Unused Serialized files (Serialized files now loaded: 0)
System memory in use before: 57.8 MB.
System memory in use after: 57.8 MB.

Unloading 5 unused Assets to reduce memory usage. Loaded Objects now: 1575.
Total: 1.482000 ms (FindLiveObjects: 0.135800 ms CreateObjectMapping: 0.030400 ms MarkObjects: 1.268500 ms  DeleteObjects: 0.046400 ms)

========================================================================
Received Import Request.
  Time since last request: 838.306188 seconds.
  path: Assets/Scripts/Patient.cs
  artifactKey: Guid(30adf07d568d3f740b5812fa925b1edc) Importer(815301076,1909f56bfc062723c751e8b465ee728b)
Start importing Assets/Scripts/Patient.cs using Guid(30adf07d568d3f740b5812fa925b1edc) Importer(815301076,1909f56bfc062723c751e8b465ee728b)  -> (artifact id: '98ea0a00132608debff6a0c4c2eb5253') in 0.004089 seconds
  Import took 0.006139 seconds .

========================================================================
Received Prepare
Registering precompiled user dll's ...
Registered in 0.000959 seconds.
Begin MonoManager ReloadAssembly
Native extension for Lumin target not found
Native extension for LinuxStandalone target not found
Native extension for WindowsStandalone target not found
Native extension for OSXStandalone target not found
Native extension for WebGL target not found
Refreshing native plugins compatible for Editor in 0.20 ms, found 0 plugins.
Preloading 0 native plugins for Editor in 0.00 ms.
Mono: successfully reloaded assembly
- Completed reload, in  0.713 seconds
Platform modules already initialized, skipping
Refreshing native plugins compatible for Editor in 0.20 ms, found 0 plugins.
Preloading 0 native plugins for Editor in 0.00 ms.
Unloading 1124 Unused Serialized files (Serialized files now loaded: 0)
System memory in use before: 57.8 MB.
System memory in use after: 57.9 MB.

Unloading 5 unused Assets to reduce memory usage. Loaded Objects now: 1579.
Total: 1.706000 ms (FindLiveObjects: 0.234900 ms CreateObjectMapping: 0.073100 ms MarkObjects: 1.350900 ms  DeleteObjects: 0.045700 ms)

========================================================================
Received Import Request.
  Time since last request: 211.607662 seconds.
  path: Assets/Scripts/GoToHospital.cs
  artifactKey: Guid(a3e6d7b9df1ddac4d8ac50007cd17b18) Importer(815301076,1909f56bfc062723c751e8b465ee728b)
Start importing Assets/Scripts/GoToHospital.cs using Guid(a3e6d7b9df1ddac4d8ac50007cd17b18) Importer(815301076,1909f56bfc062723c751e8b465ee728b)  -> (artifact id: 'cc0ba070c387ba264c7c19fb94d0f95e') in 0.004709 seconds
  Import took 0.006571 seconds .

========================================================================
Received Prepare
Registering precompiled user dll's ...
Registered in 0.000976 seconds.
Begin MonoManager ReloadAssembly
Native extension for Lumin target not found
Native extension for LinuxStandalone target not found
Native extension for WindowsStandalone target not found
Native extension for OSXStandalone target not found
Native extension for WebGL target not found
Refreshing native plugins compatible for Editor in 0.18 ms, found 0 plugins.
Preloading 0 native plugins for Editor in 0.00 ms.
Mono: successfully reloaded assembly
- Completed reload, in  0.753 seconds
Platform modules already initialized, skipping
Refreshing native plugins compatible for Editor in 0.18 ms, found 0 plugins.
Preloading 0 native plugins for Editor in 0.00 ms.
Unloading 1125 Unused Serialized files (Serialized files now loaded: 0)
System memory in use before: 57.9 MB.
System memory in use after: 57.9 MB.

Unloading 5 unused Assets to reduce memory usage. Loaded Objects now: 1583.
Total: 1.521900 ms (FindLiveObjects: 0.129100 ms CreateObjectMapping: 0.032800 ms MarkObjects: 1.323900 ms  DeleteObjects: 0.035400 ms)

========================================================================
Received Prepare
Registering precompiled user dll's ...
Registered in 0.000967 seconds.
Begin MonoManager ReloadAssembly
Native extension for Lumin target not found
Native extension for LinuxStandalone target not found
Native extension for WindowsStandalone target not found
Native extension for OSXStandalone target not found
Native extension for WebGL target not found
Refreshing native plugins compatible for Editor in 0.18 ms, found 0 plugins.
Preloading 0 native plugins for Editor in 0.00 ms.
Mono: successfully reloaded assembly
- Completed reload, in  0.722 seconds
Platform modules already initialized, skipping
Refreshing native plugins compatible for Editor in 0.19 ms, found 0 plugins.
Preloading 0 native plugins for Editor in 0.00 ms.
Unloading 1125 Unused Serialized files (Serialized files now loaded: 0)
System memory in use before: 57.9 MB.
System memory in use after: 57.9 MB.

Unloading 5 unused Assets to reduce memory usage. Loaded Objects now: 1586.
Total: 1.775500 ms (FindLiveObjects: 0.286100 ms CreateObjectMapping: 0.057500 ms MarkObjects: 1.380500 ms  DeleteObjects: 0.049300 ms)

========================================================================
Received Import Request.
  Time since last request: 533.139915 seconds.
  path: Assets/Scripts/Patient.cs
  artifactKey: Guid(30adf07d568d3f740b5812fa925b1edc) Importer(815301076,1909f56bfc062723c751e8b465ee728b)
Start importing Assets/Scripts/Patient.cs using Guid(30adf07d568d3f740b5812fa925b1edc) Importer(815301076,1909f56bfc062723c751e8b465ee728b)  -> (artifact id: 'bada963cae9cb1f37e1f460515576c32') in 0.004671 seconds
  Import took 0.006625 seconds .

========================================================================
Received Import Request.
  Time since last request: 0.000427 seconds.
  path: Assets/Scripts/Patient.cs
  artifactKey: Guid(30adf07d568d3f740b5812fa925b1edc) Importer(815301076,1909f56bfc062723c751e8b465ee728b)
Start importing Assets/Scripts/Patient.cs using Guid(30adf07d568d3f740b5812fa925b1edc) Importer(815301076,1909f56bfc062723c751e8b465ee728b)  -> (artifact id: 'bada963cae9cb1f37e1f460515576c32') in 0.002600 seconds
  Import took 0.004065 seconds .

========================================================================
Received Prepare
Registering precompiled user dll's ...
Registered in 0.000935 seconds.
Begin MonoManager ReloadAssembly
Native extension for Lumin target not found
Native extension for LinuxStandalone target not found
Native extension for WindowsStandalone target not found
Native extension for OSXStandalone target not found
Native extension for WebGL target not found
Refreshing native plugins compatible for Editor in 0.20 ms, found 0 plugins.
Preloading 0 native plugins for Editor in 0.00 ms.
Mono: successfully reloaded assembly
- Completed reload, in  0.713 seconds
Platform modules already initialized, skipping
Refreshing native plugins compatible for Editor in 0.20 ms, found 0 plugins.
Preloading 0 native plugins for Editor in 0.00 ms.
Unloading 1125 Unused Serialized files (Serialized files now loaded: 0)
System memory in use before: 57.9 MB.
System memory in use after: 57.9 MB.

Unloading 5 unused Assets to reduce memory usage. Loaded Objects now: 1589.
Total: 1.596800 ms (FindLiveObjects: 0.153100 ms CreateObjectMapping: 0.040900 ms MarkObjects: 1.360800 ms  DeleteObjects: 0.040900 ms)

========================================================================
Received Import Request.
  Time since last request: 862.843407 seconds.
  path: Assets/Scripts/GoToHospital.cs
  artifactKey: Guid(a3e6d7b9df1ddac4d8ac50007cd17b18) Importer(815301076,1909f56bfc062723c751e8b465ee728b)
Start importing Assets/Scripts/GoToHospital.cs using Guid(a3e6d7b9df1ddac4d8ac50007cd17b18) Importer(815301076,1909f56bfc062723c751e8b465ee728b)  -> (artifact id: '52d131bd5ecd93ac170ee3b4b7fede9a') in 0.004577 seconds
  Import took 0.006936 seconds .

========================================================================
Received Import Request.
  Time since last request: 22.867659 seconds.
  path: Assets/Scripts/GoToWaitngRoom.cs
  artifactKey: Guid(a06d62b7c0f910149a7cecc418a7ad7d) Importer(815301076,1909f56bfc062723c751e8b465ee728b)
Start importing Assets/Scripts/GoToWaitngRoom.cs using Guid(a06d62b7c0f910149a7cecc418a7ad7d) Importer(815301076,1909f56bfc062723c751e8b465ee728b)  -> (artifact id: '8153d87b38593df71ff1e4d397fe3a63') in 0.003241 seconds
  Import took 0.005301 seconds .

========================================================================
Received Prepare
Registering precompiled user dll's ...
Registered in 0.000970 seconds.
Begin MonoManager ReloadAssembly
Native extension for Lumin target not found
Native extension for LinuxStandalone target not found
Native extension for WindowsStandalone target not found
Native extension for OSXStandalone target not found
Native extension for WebGL target not found
Refreshing native plugins compatible for Editor in 0.19 ms, found 0 plugins.
Preloading 0 native plugins for Editor in 0.00 ms.
Mono: successfully reloaded assembly
- Completed reload, in  0.735 seconds
Platform modules already initialized, skipping
Refreshing native plugins compatible for Editor in 0.20 ms, found 0 plugins.
Preloading 0 native plugins for Editor in 0.00 ms.
Unloading 1126 Unused Serialized files (Serialized files now loaded: 0)
System memory in use before: 57.9 MB.
System memory in use after: 58.0 MB.

Unloading 5 unused Assets to reduce memory usage. Loaded Objects now: 1593.
Total: 1.673900 ms (FindLiveObjects: 0.137000 ms CreateObjectMapping: 0.029000 ms MarkObjects: 1.467700 ms  DeleteObjects: 0.039200 ms)

========================================================================
Received Prepare
Registering precompiled user dll's ...
Registered in 0.001168 seconds.
Begin MonoManager ReloadAssembly
Native extension for Lumin target not found
Native extension for LinuxStandalone target not found
Native extension for WindowsStandalone target not found
Native extension for OSXStandalone target not found
Native extension for WebGL target not found
Refreshing native plugins compatible for Editor in 0.24 ms, found 0 plugins.
Preloading 0 native plugins for Editor in 0.00 ms.
Mono: successfully reloaded assembly
- Completed reload, in  0.723 seconds
Platform modules already initialized, skipping
Refreshing native plugins compatible for Editor in 0.23 ms, found 0 plugins.
Preloading 0 native plugins for Editor in 0.00 ms.
Unloading 1126 Unused Serialized files (Serialized files now loaded: 0)
System memory in use before: 57.9 MB.
System memory in use after: 58.0 MB.

Unloading 5 unused Assets to reduce memory usage. Loaded Objects now: 1596.
Total: 1.801200 ms (FindLiveObjects: 0.237300 ms CreateObjectMapping: 0.044600 ms MarkObjects: 1.479500 ms  DeleteObjects: 0.038600 ms)

========================================================================
Received Prepare
Registering precompiled user dll's ...
Registered in 0.000960 seconds.
Begin MonoManager ReloadAssembly
Native extension for Lumin target not found
Native extension for LinuxStandalone target not found
Native extension for WindowsStandalone target not found
Native extension for OSXStandalone target not found
Native extension for WebGL target not found
Refreshing native plugins compatible for Editor in 0.18 ms, found 0 plugins.
Preloading 0 native plugins for Editor in 0.00 ms.
Mono: successfully reloaded assembly
- Completed reload, in  0.751 seconds
Platform modules already initialized, skipping
Refreshing native plugins compatible for Editor in 0.19 ms, found 0 plugins.
Preloading 0 native plugins for Editor in 0.00 ms.
Unloading 1126 Unused Serialized files (Serialized files now loaded: 0)
System memory in use before: 57.9 MB.
System memory in use after: 58.0 MB.

Unloading 5 unused Assets to reduce memory usage. Loaded Objects now: 1599.
Total: 1.801900 ms (FindLiveObjects: 0.173400 ms CreateObjectMapping: 0.036000 ms MarkObjects: 1.541200 ms  DeleteObjects: 0.049800 ms)

========================================================================
Received Import Request.
  Time since last request: 384.470684 seconds.
  path: Assets/Scripts/GoToWaitngRoom.cs
  artifactKey: Guid(a06d62b7c0f910149a7cecc418a7ad7d) Importer(815301076,1909f56bfc062723c751e8b465ee728b)
Start importing Assets/Scripts/GoToWaitngRoom.cs using Guid(a06d62b7c0f910149a7cecc418a7ad7d) Importer(815301076,1909f56bfc062723c751e8b465ee728b)  -> (artifact id: '3d370ad49dd73f325546c3264c2092be') in 0.004285 seconds
  Import took 0.006573 seconds .

========================================================================
Received Import Request.
  Time since last request: 5.728313 seconds.
  path: Assets/Scripts/Register.cs
  artifactKey: Guid(a06d62b7c0f910149a7cecc418a7ad7d) Importer(815301076,1909f56bfc062723c751e8b465ee728b)
Start importing Assets/Scripts/Register.cs using Guid(a06d62b7c0f910149a7cecc418a7ad7d) Importer(815301076,1909f56bfc062723c751e8b465ee728b)  -> (artifact id: '107c99cf458eaf8e6e66d020d9222b84') in 0.003380 seconds
  Import took 0.005610 seconds .

========================================================================
Received Prepare
Registering precompiled user dll's ...
Registered in 0.001006 seconds.
Begin MonoManager ReloadAssembly
Native extension for Lumin target not found
Native extension for LinuxStandalone target not found
Native extension for WindowsStandalone target not found
Native extension for OSXStandalone target not found
Native extension for WebGL target not found
Refreshing native plugins compatible for Editor in 0.24 ms, found 0 plugins.
Preloading 0 native plugins for Editor in 0.00 ms.
Mono: successfully reloaded assembly
- Completed reload, in  0.817 seconds
Platform modules already initialized, skipping
Refreshing native plugins compatible for Editor in 0.20 ms, found 0 plugins.
Preloading 0 native plugins for Editor in 0.00 ms.
Unloading 1126 Unused Serialized files (Serialized files now loaded: 0)
System memory in use before: 57.9 MB.
System memory in use after: 58.0 MB.

Unloading 5 unused Assets to reduce memory usage. Loaded Objects now: 1602.
Total: 1.792700 ms (FindLiveObjects: 0.215000 ms CreateObjectMapping: 0.071600 ms MarkObjects: 1.462000 ms  DeleteObjects: 0.042900 ms)

========================================================================
Received Prepare
Registering precompiled user dll's ...
Registered in 0.000950 seconds.
Begin MonoManager ReloadAssembly
Native extension for Lumin target not found
Native extension for LinuxStandalone target not found
Native extension for WindowsStandalone target not found
Native extension for OSXStandalone target not found
Native extension for WebGL target not found
Refreshing native plugins compatible for Editor in 0.19 ms, found 0 plugins.
Preloading 0 native plugins for Editor in 0.00 ms.
Mono: successfully reloaded assembly
- Completed reload, in  0.725 seconds
Platform modules already initialized, skipping
Refreshing native plugins compatible for Editor in 0.20 ms, found 0 plugins.
Preloading 0 native plugins for Editor in 0.00 ms.
Unloading 1126 Unused Serialized files (Serialized files now loaded: 0)
System memory in use before: 57.9 MB.
System memory in use after: 58.0 MB.

Unloading 5 unused Assets to reduce memory usage. Loaded Objects now: 1605.
Total: 1.571800 ms (FindLiveObjects: 0.131300 ms CreateObjectMapping: 0.037700 ms MarkObjects: 1.339200 ms  DeleteObjects: 0.062600 ms)

========================================================================
Received Prepare
Registering precompiled user dll's ...
Registered in 0.000942 seconds.
Begin MonoManager ReloadAssembly
Native extension for Lumin target not found
Native extension for LinuxStandalone target not found
Native extension for WindowsStandalone target not found
Native extension for OSXStandalone target not found
Native extension for WebGL target not found
Refreshing native plugins compatible for Editor in 0.18 ms, found 0 plugins.
Preloading 0 native plugins for Editor in 0.00 ms.
Mono: successfully reloaded assembly
- Completed reload, in  0.711 seconds
Platform modules already initialized, skipping
Refreshing native plugins compatible for Editor in 0.18 ms, found 0 plugins.
Preloading 0 native plugins for Editor in 0.00 ms.
Unloading 1126 Unused Serialized files (Serialized files now loaded: 0)
System memory in use before: 57.9 MB.
System memory in use after: 58.0 MB.

Unloading 5 unused Assets to reduce memory usage. Loaded Objects now: 1608.
Total: 1.655400 ms (FindLiveObjects: 0.147700 ms CreateObjectMapping: 0.044200 ms MarkObjects: 1.413600 ms  DeleteObjects: 0.048200 ms)

========================================================================
Received Prepare
Registering precompiled user dll's ...
Registered in 0.000933 seconds.
Begin MonoManager ReloadAssembly
Native extension for Lumin target not found
Native extension for LinuxStandalone target not found
Native extension for WindowsStandalone target not found
Native extension for OSXStandalone target not found
Native extension for WebGL target not found
Refreshing native plugins compatible for Editor in 0.20 ms, found 0 plugins.
Preloading 0 native plugins for Editor in 0.00 ms.
Mono: successfully reloaded assembly
- Completed reload, in  0.714 seconds
Platform modules already initialized, skipping
Refreshing native plugins compatible for Editor in 0.21 ms, found 0 plugins.
Preloading 0 native plugins for Editor in 0.00 ms.
Unloading 1126 Unused Serialized files (Serialized files now loaded: 0)
System memory in use before: 57.9 MB.
System memory in use after: 58.0 MB.

Unloading 5 unused Assets to reduce memory usage. Loaded Objects now: 1611.
Total: 1.624200 ms (FindLiveObjects: 0.145000 ms CreateObjectMapping: 0.052900 ms MarkObjects: 1.378700 ms  DeleteObjects: 0.046200 ms)

========================================================================
Received Import Request.
  Time since last request: 756.823511 seconds.
  path: Assets/Scripts/Register.cs
  artifactKey: Guid(a06d62b7c0f910149a7cecc418a7ad7d) Importer(815301076,1909f56bfc062723c751e8b465ee728b)
Start importing Assets/Scripts/Register.cs using Guid(a06d62b7c0f910149a7cecc418a7ad7d) Importer(815301076,1909f56bfc062723c751e8b465ee728b)  -> (artifact id: '7e7542a6f8d3b36f28556a9bf03ac9d8') in 0.004152 seconds
  Import took 0.006071 seconds .

========================================================================
Received Import Request.
  Time since last request: 0.000524 seconds.
  path: Assets/Scripts/Register.cs
  artifactKey: Guid(a06d62b7c0f910149a7cecc418a7ad7d) Importer(815301076,1909f56bfc062723c751e8b465ee728b)
Start importing Assets/Scripts/Register.cs using Guid(a06d62b7c0f910149a7cecc418a7ad7d) Importer(815301076,1909f56bfc062723c751e8b465ee728b)  -> (artifact id: '7e7542a6f8d3b36f28556a9bf03ac9d8') in 0.002494 seconds
  Import took 0.003946 seconds .

========================================================================
Received Import Request.
  Time since last request: 21.798695 seconds.
  path: Assets/Scripts/GoToWaitingRoom.cs
  artifactKey: Guid(4727ac438a9ba8f4fbedd1aa7af16ab1) Importer(815301076,1909f56bfc062723c751e8b465ee728b)
Start importing Assets/Scripts/GoToWaitingRoom.cs using Guid(4727ac438a9ba8f4fbedd1aa7af16ab1) Importer(815301076,1909f56bfc062723c751e8b465ee728b)  -> (artifact id: '7754d08e2f1388fa674e45c25acebacd') in 0.002740 seconds
  Import took 0.005034 seconds .

========================================================================
Received Prepare
Registering precompiled user dll's ...
Registered in 0.000961 seconds.
Begin MonoManager ReloadAssembly
Native extension for Lumin target not found
Native extension for LinuxStandalone target not found
Native extension for WindowsStandalone target not found
Native extension for OSXStandalone target not found
Native extension for WebGL target not found
Refreshing native plugins compatible for Editor in 0.19 ms, found 0 plugins.
Preloading 0 native plugins for Editor in 0.00 ms.
Mono: successfully reloaded assembly
- Completed reload, in  0.743 seconds
Platform modules already initialized, skipping
Refreshing native plugins compatible for Editor in 0.20 ms, found 0 plugins.
Preloading 0 native plugins for Editor in 0.00 ms.
Unloading 1127 Unused Serialized files (Serialized files now loaded: 0)
System memory in use before: 58.0 MB.
System memory in use after: 58.0 MB.

Unloading 5 unused Assets to reduce memory usage. Loaded Objects now: 1615.
Total: 1.735600 ms (FindLiveObjects: 0.123300 ms CreateObjectMapping: 0.036100 ms MarkObjects: 1.533000 ms  DeleteObjects: 0.042300 ms)

========================================================================
Received Prepare
Registering precompiled user dll's ...
Registered in 0.000956 seconds.
Begin MonoManager ReloadAssembly
Native extension for Lumin target not found
Native extension for LinuxStandalone target not found
Native extension for WindowsStandalone target not found
Native extension for OSXStandalone target not found
Native extension for WebGL target not found
Refreshing native plugins compatible for Editor in 0.19 ms, found 0 plugins.
Preloading 0 native plugins for Editor in 0.00 ms.
Mono: successfully reloaded assembly
- Completed reload, in  0.702 seconds
Platform modules already initialized, skipping
Refreshing native plugins compatible for Editor in 0.21 ms, found 0 plugins.
Preloading 0 native plugins for Editor in 0.00 ms.
Unloading 1127 Unused Serialized files (Serialized files now loaded: 0)
System memory in use before: 58.0 MB.
System memory in use after: 58.0 MB.

Unloading 5 unused Assets to reduce memory usage. Loaded Objects now: 1618.
Total: 1.609100 ms (FindLiveObjects: 0.149300 ms CreateObjectMapping: 0.041200 ms MarkObjects: 1.359100 ms  DeleteObjects: 0.058400 ms)

========================================================================
Received Import Request.
  Time since last request: 83.954515 seconds.
  path: Assets/Scripts/World.cs
  artifactKey: Guid(d8d8a3f10a75c1345b2dffd25d6caeac) Importer(815301076,1909f56bfc062723c751e8b465ee728b)
Start importing Assets/Scripts/World.cs using Guid(d8d8a3f10a75c1345b2dffd25d6caeac) Importer(815301076,1909f56bfc062723c751e8b465ee728b)  -> (artifact id: 'cee81546026a1df98ee54e8a39625c1e') in 0.004687 seconds
  Import took 0.006661 seconds .

========================================================================
Received Prepare
Registering precompiled user dll's ...
Registered in 0.000917 seconds.
Begin MonoManager ReloadAssembly
Native extension for Lumin target not found
Native extension for LinuxStandalone target not found
Native extension for WindowsStandalone target not found
Native extension for OSXStandalone target not found
Native extension for WebGL target not found
Refreshing native plugins compatible for Editor in 0.19 ms, found 0 plugins.
Preloading 0 native plugins for Editor in 0.00 ms.
Mono: successfully reloaded assembly
- Completed reload, in  0.710 seconds
Platform modules already initialized, skipping
Refreshing native plugins compatible for Editor in 0.22 ms, found 0 plugins.
Preloading 0 native plugins for Editor in 0.00 ms.
Unloading 1127 Unused Serialized files (Serialized files now loaded: 0)
System memory in use before: 58.0 MB.
System memory in use after: 58.0 MB.

Unloading 5 unused Assets to reduce memory usage. Loaded Objects now: 1621.
Total: 1.654900 ms (FindLiveObjects: 0.174700 ms CreateObjectMapping: 0.038100 ms MarkObjects: 1.395300 ms  DeleteObjects: 0.045700 ms)

========================================================================
Received Prepare
Registering precompiled user dll's ...
Registered in 0.001084 seconds.
Begin MonoManager ReloadAssembly
Native extension for Lumin target not found
Native extension for LinuxStandalone target not found
Native extension for WindowsStandalone target not found
Native extension for OSXStandalone target not found
Native extension for WebGL target not found
Refreshing native plugins compatible for Editor in 0.18 ms, found 0 plugins.
Preloading 0 native plugins for Editor in 0.00 ms.
Mono: successfully reloaded assembly
- Completed reload, in  0.712 seconds
Platform modules already initialized, skipping
Refreshing native plugins compatible for Editor in 0.19 ms, found 0 plugins.
Preloading 0 native plugins for Editor in 0.00 ms.
Unloading 1127 Unused Serialized files (Serialized files now loaded: 0)
System memory in use before: 58.0 MB.
System memory in use after: 58.1 MB.

Unloading 5 unused Assets to reduce memory usage. Loaded Objects now: 1624.
Total: 1.596600 ms (FindLiveObjects: 0.140000 ms CreateObjectMapping: 0.034300 ms MarkObjects: 1.376200 ms  DeleteObjects: 0.044800 ms)

========================================================================
Received Prepare
Registering precompiled user dll's ...
Registered in 0.000913 seconds.
Begin MonoManager ReloadAssembly
Native extension for Lumin target not found
Native extension for LinuxStandalone target not found
Native extension for WindowsStandalone target not found
Native extension for OSXStandalone target not found
Native extension for WebGL target not found
Refreshing native plugins compatible for Editor in 0.18 ms, found 0 plugins.
Preloading 0 native plugins for Editor in 0.00 ms.
Mono: successfully reloaded assembly
- Completed reload, in  0.717 seconds
Platform modules already initialized, skipping
Refreshing native plugins compatible for Editor in 0.22 ms, found 0 plugins.
Preloading 0 native plugins for Editor in 0.00 ms.
Unloading 1127 Unused Serialized files (Serialized files now loaded: 0)
System memory in use before: 58.0 MB.
System memory in use after: 58.1 MB.

Unloading 5 unused Assets to reduce memory usage. Loaded Objects now: 1627.
Total: 1.678800 ms (FindLiveObjects: 0.180100 ms CreateObjectMapping: 0.041900 ms MarkObjects: 1.401500 ms  DeleteObjects: 0.053500 ms)

========================================================================
Received Prepare
Registering precompiled user dll's ...
Registered in 0.000965 seconds.
Begin MonoManager ReloadAssembly
Native extension for Lumin target not found
Native extension for LinuxStandalone target not found
Native extension for WindowsStandalone target not found
Native extension for OSXStandalone target not found
Native extension for WebGL target not found
Refreshing native plugins compatible for Editor in 0.18 ms, found 0 plugins.
Preloading 0 native plugins for Editor in 0.00 ms.
Mono: successfully reloaded assembly
- Completed reload, in  0.708 seconds
Platform modules already initialized, skipping
Refreshing native plugins compatible for Editor in 0.20 ms, found 0 plugins.
Preloading 0 native plugins for Editor in 0.00 ms.
Unloading 1127 Unused Serialized files (Serialized files now loaded: 0)
System memory in use before: 58.0 MB.
System memory in use after: 58.1 MB.

Unloading 5 unused Assets to reduce memory usage. Loaded Objects now: 1630.
Total: 1.582300 ms (FindLiveObjects: 0.141600 ms CreateObjectMapping: 0.036500 ms MarkObjects: 1.358100 ms  DeleteObjects: 0.045200 ms)

========================================================================
Received Prepare
Registering precompiled user dll's ...
Registered in 0.001146 seconds.
Begin MonoManager ReloadAssembly
Native extension for Lumin target not found
Native extension for LinuxStandalone target not found
Native extension for WindowsStandalone target not found
Native extension for OSXStandalone target not found
Native extension for WebGL target not found
Refreshing native plugins compatible for Editor in 0.18 ms, found 0 plugins.
Preloading 0 native plugins for Editor in 0.00 ms.
Mono: successfully reloaded assembly
- Completed reload, in  0.726 seconds
Platform modules already initialized, skipping
Refreshing native plugins compatible for Editor in 0.22 ms, found 0 plugins.
Preloading 0 native plugins for Editor in 0.00 ms.
Unloading 1127 Unused Serialized files (Serialized files now loaded: 0)
System memory in use before: 58.0 MB.
System memory in use after: 58.1 MB.

Unloading 5 unused Assets to reduce memory usage. Loaded Objects now: 1633.
Total: 1.580700 ms (FindLiveObjects: 0.125200 ms CreateObjectMapping: 0.033400 ms MarkObjects: 1.376300 ms  DeleteObjects: 0.044400 ms)

========================================================================
Received Prepare
Registering precompiled user dll's ...
Registered in 0.000937 seconds.
Begin MonoManager ReloadAssembly
Native extension for Lumin target not found
Native extension for LinuxStandalone target not found
Native extension for WindowsStandalone target not found
Native extension for OSXStandalone target not found
Native extension for WebGL target not found
Refreshing native plugins compatible for Editor in 0.18 ms, found 0 plugins.
Preloading 0 native plugins for Editor in 0.00 ms.
Mono: successfully reloaded assembly
- Completed reload, in  0.724 seconds
Platform modules already initialized, skipping
Refreshing native plugins compatible for Editor in 0.19 ms, found 0 plugins.
Preloading 0 native plugins for Editor in 0.00 ms.
Unloading 1127 Unused Serialized files (Serialized files now loaded: 0)
System memory in use before: 58.0 MB.
System memory in use after: 58.1 MB.

Unloading 5 unused Assets to reduce memory usage. Loaded Objects now: 1636.
Total: 1.692200 ms (FindLiveObjects: 0.135500 ms CreateObjectMapping: 0.033000 ms MarkObjects: 1.476800 ms  DeleteObjects: 0.045700 ms)

========================================================================
Received Prepare
Registering precompiled user dll's ...
Registered in 0.001027 seconds.
Begin MonoManager ReloadAssembly
Native extension for Lumin target not found
Native extension for LinuxStandalone target not found
Native extension for WindowsStandalone target not found
Native extension for OSXStandalone target not found
Native extension for WebGL target not found
Refreshing native plugins compatible for Editor in 0.19 ms, found 0 plugins.
Preloading 0 native plugins for Editor in 0.00 ms.
Mono: successfully reloaded assembly
- Completed reload, in  0.737 seconds
Platform modules already initialized, skipping
Refreshing native plugins compatible for Editor in 0.23 ms, found 0 plugins.
Preloading 0 native plugins for Editor in 0.00 ms.
Unloading 1127 Unused Serialized files (Serialized files now loaded: 0)
System memory in use before: 58.0 MB.
System memory in use after: 58.1 MB.

Unloading 5 unused Assets to reduce memory usage. Loaded Objects now: 1639.
Total: 1.760900 ms (FindLiveObjects: 0.187200 ms CreateObjectMapping: 0.054900 ms MarkObjects: 1.479900 ms  DeleteObjects: 0.038100 ms)

========================================================================
Received Import Request.
  Time since last request: 1192.253334 seconds.
  path: Assets/Prefab/Patient Variant.prefab
  artifactKey: Guid(9108b9f24be49c84a8c82b3e17770ec8) Importer(815301076,1909f56bfc062723c751e8b465ee728b)
Start importing Assets/Prefab/Patient Variant.prefab using Guid(9108b9f24be49c84a8c82b3e17770ec8) Importer(815301076,1909f56bfc062723c751e8b465ee728b)  -> (artifact id: '44d9a222bcf6a10553ec68dc87460b49') in 0.085859 seconds
  Import took 0.088313 seconds .

========================================================================
Received Import Request.
  Time since last request: 25.872383 seconds.
  path: Assets/Prefab/Patient 1.prefab
  artifactKey: Guid(be42e992c6b0f74429a1b15f68358420) Importer(815301076,1909f56bfc062723c751e8b465ee728b)
Start importing Assets/Prefab/Patient 1.prefab using Guid(be42e992c6b0f74429a1b15f68358420) Importer(815301076,1909f56bfc062723c751e8b465ee728b)  -> (artifact id: 'e8488c82ab939917da8674df9fbbcf42') in 0.013714 seconds
  Import took 0.016405 seconds .

========================================================================
Received Import Request.
  Time since last request: 130.881657 seconds.
  path: Assets/Prefab/Patient 1.prefab
  artifactKey: Guid(be42e992c6b0f74429a1b15f68358420) Importer(815301076,1909f56bfc062723c751e8b465ee728b)
Start importing Assets/Prefab/Patient 1.prefab using Guid(be42e992c6b0f74429a1b15f68358420) Importer(815301076,1909f56bfc062723c751e8b465ee728b)  -> (artifact id: '7749874bd7b5f9d10a65d47e0c9e7039') in 0.013815 seconds
  Import took 0.015970 seconds .

========================================================================
Received Import Request.
  Time since last request: 10.602474 seconds.
  path: Assets/Prefab/PatientActions.prefab
  artifactKey: Guid(be42e992c6b0f74429a1b15f68358420) Importer(815301076,1909f56bfc062723c751e8b465ee728b)
Start importing Assets/Prefab/PatientActions.prefab using Guid(be42e992c6b0f74429a1b15f68358420) Importer(815301076,1909f56bfc062723c751e8b465ee728b)  -> (artifact id: '96ea1cf99acc18ca36d12b32a56ca04d') in 0.013019 seconds
  Import took 0.014920 seconds .

========================================================================
Received Import Request.
  Time since last request: 89.433562 seconds.
  path: Assets/Scripts/Spawn.cs
  artifactKey: Guid(f4a354efb7d6bee479b9076c1aa77e7f) Importer(815301076,1909f56bfc062723c751e8b465ee728b)
Start importing Assets/Scripts/Spawn.cs using Guid(f4a354efb7d6bee479b9076c1aa77e7f) Importer(815301076,1909f56bfc062723c751e8b465ee728b)  -> (artifact id: 'c06445440ffa91658cb10c83d2317830') in 0.004600 seconds
  Import took 0.006662 seconds .

========================================================================
Received Prepare
Registering precompiled user dll's ...
Registered in 0.000949 seconds.
Begin MonoManager ReloadAssembly
Native extension for Lumin target not found
Native extension for LinuxStandalone target not found
Native extension for WindowsStandalone target not found
Native extension for OSXStandalone target not found
Native extension for WebGL target not found
Refreshing native plugins compatible for Editor in 0.19 ms, found 0 plugins.
Preloading 0 native plugins for Editor in 0.00 ms.
Mono: successfully reloaded assembly
- Completed reload, in  0.755 seconds
Platform modules already initialized, skipping
Refreshing native plugins compatible for Editor in 0.19 ms, found 0 plugins.
Preloading 0 native plugins for Editor in 0.00 ms.
Unloading 1128 Unused Serialized files (Serialized files now loaded: 0)
System memory in use before: 61.3 MB.
System memory in use after: 61.4 MB.

Unloading 5 unused Assets to reduce memory usage. Loaded Objects now: 1654.
Total: 1.634300 ms (FindLiveObjects: 0.132200 ms CreateObjectMapping: 0.040500 ms MarkObjects: 1.415100 ms  DeleteObjects: 0.045500 ms)

========================================================================
Received Import Request.
  Time since last request: 348.965368 seconds.
  path: Assets/Scripts/Spawn.cs
  artifactKey: Guid(f4a354efb7d6bee479b9076c1aa77e7f) Importer(815301076,1909f56bfc062723c751e8b465ee728b)
Start importing Assets/Scripts/Spawn.cs using Guid(f4a354efb7d6bee479b9076c1aa77e7f) Importer(815301076,1909f56bfc062723c751e8b465ee728b)  -> (artifact id: '08916afee3983665fc9dd40d1374b522') in 0.004835 seconds
  Import took 0.006893 seconds .

========================================================================
Received Import Request.
  Time since last request: 13.911404 seconds.
  path: Assets/Scripts/Spawn.cs
  artifactKey: Guid(f4a354efb7d6bee479b9076c1aa77e7f) Importer(815301076,1909f56bfc062723c751e8b465ee728b)
Start importing Assets/Scripts/Spawn.cs using Guid(f4a354efb7d6bee479b9076c1aa77e7f) Importer(815301076,1909f56bfc062723c751e8b465ee728b)  -> (artifact id: 'f08e19b30e84ab47c9468fd5b23cb06f') in 0.002654 seconds
  Import took 0.004693 seconds .

========================================================================
Received Prepare
Registering precompiled user dll's ...
Registered in 0.001120 seconds.
Begin MonoManager ReloadAssembly
Native extension for Lumin target not found
Native extension for LinuxStandalone target not found
Native extension for WindowsStandalone target not found
Native extension for OSXStandalone target not found
Native extension for WebGL target not found
Refreshing native plugins compatible for Editor in 0.18 ms, found 0 plugins.
Preloading 0 native plugins for Editor in 0.00 ms.
Mono: successfully reloaded assembly
- Completed reload, in  0.722 seconds
Platform modules already initialized, skipping
Refreshing native plugins compatible for Editor in 0.22 ms, found 0 plugins.
Preloading 0 native plugins for Editor in 0.00 ms.
Unloading 1128 Unused Serialized files (Serialized files now loaded: 0)
System memory in use before: 61.3 MB.
System memory in use after: 61.4 MB.

Unloading 5 unused Assets to reduce memory usage. Loaded Objects now: 1657.
Total: 1.969500 ms (FindLiveObjects: 0.228900 ms CreateObjectMapping: 0.039800 ms MarkObjects: 1.646400 ms  DeleteObjects: 0.052200 ms)

========================================================================
Received Import Request.
  Time since last request: 9.218862 seconds.
  path: Assets/Scripts/Spawn.cs
  artifactKey: Guid(f4a354efb7d6bee479b9076c1aa77e7f) Importer(815301076,1909f56bfc062723c751e8b465ee728b)
Start importing Assets/Scripts/Spawn.cs using Guid(f4a354efb7d6bee479b9076c1aa77e7f) Importer(815301076,1909f56bfc062723c751e8b465ee728b)  -> (artifact id: '201ff9a8a6ecf2b51801fc0df550cdf6') in 0.003944 seconds
  Import took 0.005488 seconds .

========================================================================
Received Prepare
Registering precompiled user dll's ...
Registered in 0.000951 seconds.
Begin MonoManager ReloadAssembly
Native extension for Lumin target not found
Native extension for LinuxStandalone target not found
Native extension for WindowsStandalone target not found
Native extension for OSXStandalone target not found
Native extension for WebGL target not found
Refreshing native plugins compatible for Editor in 0.19 ms, found 0 plugins.
Preloading 0 native plugins for Editor in 0.00 ms.
Mono: successfully reloaded assembly
- Completed reload, in  0.723 seconds
Platform modules already initialized, skipping
Refreshing native plugins compatible for Editor in 0.20 ms, found 0 plugins.
Preloading 0 native plugins for Editor in 0.00 ms.
Unloading 1128 Unused Serialized files (Serialized files now loaded: 0)
System memory in use before: 61.3 MB.
System memory in use after: 61.4 MB.

Unloading 5 unused Assets to reduce memory usage. Loaded Objects now: 1660.
Total: 1.799600 ms (FindLiveObjects: 0.154000 ms CreateObjectMapping: 0.039800 ms MarkObjects: 1.562900 ms  DeleteObjects: 0.042100 ms)

AssetImportWorkerClient::OnTransportError - code=2 error=End of file
