Using pre-set license
Built from '2020.3/staging' branch; Version is '2020.3.6f1 (338bb68529b2) revision 3378102'; Using compiler version '192528614'; Build Type 'Release'
OS: 'Windows 10 Enterprise; OS build 19042.1288; Version 2009; 64bit' Language: 'en' Physical Memory: 32603 MB
BatchMode: 1, IsHumanControllingUs: 0, StartBugReporterOnCrash: 0, Is64bit: 1, IsPro: 0

 COMMAND LINE ARGUMENTS:
C:\Program Files\Unity2020.3.6f1\Editor\Unity.exe
-adb2
-batchMode
-noUpm
-name
AssetImportWorker0
-projectPath
C:/Users/s19161460/Downloads/GOAP/GOAP
-logFile
Logs/AssetImportWorker0.log
-srvPort
55491
Successfully changed project path to: C:/Users/s19161460/Downloads/GOAP/GOAP
C:/Users/s19161460/Downloads/GOAP/GOAP
Using Asset Import Pipeline V2.
Refreshing native plugins compatible for Editor in 20.00 ms, found 0 plugins.
Preloading 0 native plugins for Editor in 0.00 ms.
Initialize engine version: 2020.3.6f1 (338bb68529b2)
[Subsystems] Discovering subsystems at path C:/Program Files/Unity2020.3.6f1/Editor/Data/Resources/UnitySubsystems
[Subsystems] Discovering subsystems at path C:/Users/s19161460/Downloads/GOAP/GOAP/Assets
GfxDevice: creating device client; threaded=0
Direct3D:
    Version:  Direct3D 11.0 [level 11.1]
    Renderer: NVIDIA Quadro P2000 (ID=0x1c30)
    Vendor:   
    VRAM:     5032 MB
    Driver:   30.0.14.7111
Initialize mono
Mono path[0] = 'C:/Program Files/Unity2020.3.6f1/Editor/Data/Managed'
Mono path[1] = 'C:/Program Files/Unity2020.3.6f1/Editor/Data/MonoBleedingEdge/lib/mono/unityjit'
Mono config path = 'C:/Program Files/Unity2020.3.6f1/Editor/Data/MonoBleedingEdge/etc'
Using monoOptions --debugger-agent=transport=dt_socket,embedding=1,server=y,suspend=n,address=127.0.0.1:56220
Begin MonoManager ReloadAssembly
Registering precompiled unity dll's ...
Register platform support module: C:/Program Files/Unity2020.3.6f1/Editor/Data/PlaybackEngines/WebGLSupport/UnityEditor.WebGL.Extensions.dll
Register platform support module: C:/Program Files/Unity2020.3.6f1/Editor/Data/PlaybackEngines/MacStandaloneSupport/UnityEditor.OSXStandalone.Extensions.dll
Register platform support module: C:/Program Files/Unity2020.3.6f1/Editor/Data/PlaybackEngines/WindowsStandaloneSupport/UnityEditor.WindowsStandalone.Extensions.dll
Register platform support module: C:/Program Files/Unity2020.3.6f1/Editor/Data/PlaybackEngines/LinuxStandaloneSupport/UnityEditor.LinuxStandalone.Extensions.dll
Register platform support module: C:/Program Files/Unity2020.3.6f1/Editor/Data/PlaybackEngines/LuminSupport/UnityEditor.Lumin.Extensions.dll
Registered in 0.005432 seconds.
Native extension for Lumin target not found
Native extension for LinuxStandalone target not found
Native extension for WindowsStandalone target not found
Native extension for OSXStandalone target not found
Native extension for WebGL target not found
Refreshing native plugins compatible for Editor in 19.98 ms, found 0 plugins.
Preloading 0 native plugins for Editor in 0.00 ms.
Mono: successfully reloaded assembly
- Completed reload, in  1.362 seconds
Platform modules already initialized, skipping
Registering precompiled user dll's ...
Registered in 0.000995 seconds.
Begin MonoManager ReloadAssembly
Native extension for Lumin target not found
Native extension for LinuxStandalone target not found
Native extension for WindowsStandalone target not found
Native extension for OSXStandalone target not found
Native extension for WebGL target not found
Refreshing native plugins compatible for Editor in 0.18 ms, found 0 plugins.
Preloading 0 native plugins for Editor in 0.00 ms.
Mono: successfully reloaded assembly
- Completed reload, in  0.779 seconds
Platform modules already initialized, skipping
========================================================================
Worker process is ready to serve import requests
Launched and connected shader compiler UnityShaderCompiler.exe after 0.05 seconds
Refreshing native plugins compatible for Editor in 0.20 ms, found 0 plugins.
Preloading 0 native plugins for Editor in 0.00 ms.
Unloading 1125 Unused Serialized files (Serialized files now loaded: 0)
System memory in use before: 57.6 MB.
System memory in use after: 57.6 MB.

Unloading 10 unused Assets to reduce memory usage. Loaded Objects now: 1569.
Total: 1.735700 ms (FindLiveObjects: 0.130400 ms CreateObjectMapping: 0.032300 ms MarkObjects: 1.503600 ms  DeleteObjects: 0.068300 ms)

========================================================================
Received Import Request.
  path: Assets/Scripts/World.cs
  artifactKey: Guid(d8d8a3f10a75c1345b2dffd25d6caeac) Importer(815301076,1909f56bfc062723c751e8b465ee728b)
Start importing Assets/Scripts/World.cs using Guid(d8d8a3f10a75c1345b2dffd25d6caeac) Importer(815301076,1909f56bfc062723c751e8b465ee728b)  -> (artifact id: '04cd4a471de096d1484ece3546613dd6') in 0.021984 seconds
  Import took 0.024070 seconds .

========================================================================
Received Import Request.
  Time since last request: 0.001250 seconds.
  path: Assets/Scripts/World.cs
  artifactKey: Guid(d8d8a3f10a75c1345b2dffd25d6caeac) Importer(815301076,1909f56bfc062723c751e8b465ee728b)
Start importing Assets/Scripts/World.cs using Guid(d8d8a3f10a75c1345b2dffd25d6caeac) Importer(815301076,1909f56bfc062723c751e8b465ee728b)  -> (artifact id: '04cd4a471de096d1484ece3546613dd6') in 0.003922 seconds
  Import took 0.005980 seconds .

========================================================================
Received Prepare
Registering precompiled user dll's ...
Registered in 0.000974 seconds.
Begin MonoManager ReloadAssembly
Native extension for Lumin target not found
Native extension for LinuxStandalone target not found
Native extension for WindowsStandalone target not found
Native extension for OSXStandalone target not found
Native extension for WebGL target not found
Refreshing native plugins compatible for Editor in 0.23 ms, found 0 plugins.
Preloading 0 native plugins for Editor in 0.00 ms.
Mono: successfully reloaded assembly
- Completed reload, in  0.713 seconds
Platform modules already initialized, skipping
Refreshing native plugins compatible for Editor in 0.23 ms, found 0 plugins.
Preloading 0 native plugins for Editor in 0.00 ms.
Unloading 1120 Unused Serialized files (Serialized files now loaded: 0)
System memory in use before: 57.5 MB.
System memory in use after: 57.6 MB.

Unloading 5 unused Assets to reduce memory usage. Loaded Objects now: 1572.
Total: 1.551400 ms (FindLiveObjects: 0.147900 ms CreateObjectMapping: 0.041600 ms MarkObjects: 1.308800 ms  DeleteObjects: 0.051600 ms)

========================================================================
Received Import Request.
  Time since last request: 2065.631112 seconds.
  path: Assets/Scripts/Actions.cs
  artifactKey: Guid(d9d9517a456b84046bff7d5ca5b6bc08) Importer(815301076,1909f56bfc062723c751e8b465ee728b)
Start importing Assets/Scripts/Actions.cs using Guid(d9d9517a456b84046bff7d5ca5b6bc08) Importer(815301076,1909f56bfc062723c751e8b465ee728b)  -> (artifact id: 'fa8cce6fc22b92979a809b815253b500') in 0.004277 seconds
  Import took 0.005953 seconds .

========================================================================
Received Prepare
Registering precompiled user dll's ...
Registered in 0.001084 seconds.
Begin MonoManager ReloadAssembly
Native extension for Lumin target not found
Native extension for LinuxStandalone target not found
Native extension for WindowsStandalone target not found
Native extension for OSXStandalone target not found
Native extension for WebGL target not found
Refreshing native plugins compatible for Editor in 0.18 ms, found 0 plugins.
Preloading 0 native plugins for Editor in 0.00 ms.
Mono: successfully reloaded assembly
- Completed reload, in  0.736 seconds
Platform modules already initialized, skipping
Refreshing native plugins compatible for Editor in 0.18 ms, found 0 plugins.
Preloading 0 native plugins for Editor in 0.00 ms.
Unloading 1121 Unused Serialized files (Serialized files now loaded: 0)
System memory in use before: 57.6 MB.
System memory in use after: 57.7 MB.

Unloading 5 unused Assets to reduce memory usage. Loaded Objects now: 1576.
Total: 1.789700 ms (FindLiveObjects: 0.131500 ms CreateObjectMapping: 0.034600 ms MarkObjects: 1.579700 ms  DeleteObjects: 0.042800 ms)

========================================================================
Received Prepare
Registering precompiled user dll's ...
Registered in 0.000958 seconds.
Begin MonoManager ReloadAssembly
Native extension for Lumin target not found
Native extension for LinuxStandalone target not found
Native extension for WindowsStandalone target not found
Native extension for OSXStandalone target not found
Native extension for WebGL target not found
Refreshing native plugins compatible for Editor in 0.18 ms, found 0 plugins.
Preloading 0 native plugins for Editor in 0.00 ms.
Mono: successfully reloaded assembly
- Completed reload, in  0.705 seconds
Platform modules already initialized, skipping
Refreshing native plugins compatible for Editor in 0.19 ms, found 0 plugins.
Preloading 0 native plugins for Editor in 0.00 ms.
Unloading 1121 Unused Serialized files (Serialized files now loaded: 0)
System memory in use before: 57.6 MB.
System memory in use after: 57.7 MB.

Unloading 5 unused Assets to reduce memory usage. Loaded Objects now: 1579.
Total: 1.539100 ms (FindLiveObjects: 0.124800 ms CreateObjectMapping: 0.031600 ms MarkObjects: 1.339500 ms  DeleteObjects: 0.042000 ms)

========================================================================
Received Prepare
Registering precompiled user dll's ...
Registered in 0.001103 seconds.
Begin MonoManager ReloadAssembly
Native extension for Lumin target not found
Native extension for LinuxStandalone target not found
Native extension for WindowsStandalone target not found
Native extension for OSXStandalone target not found
Native extension for WebGL target not found
Refreshing native plugins compatible for Editor in 0.21 ms, found 0 plugins.
Preloading 0 native plugins for Editor in 0.00 ms.
Mono: successfully reloaded assembly
- Completed reload, in  0.705 seconds
Platform modules already initialized, skipping
Refreshing native plugins compatible for Editor in 0.21 ms, found 0 plugins.
Preloading 0 native plugins for Editor in 0.00 ms.
Unloading 1122 Unused Serialized files (Serialized files now loaded: 0)
System memory in use before: 57.6 MB.
System memory in use after: 57.7 MB.

Unloading 5 unused Assets to reduce memory usage. Loaded Objects now: 1583.
Total: 1.722100 ms (FindLiveObjects: 0.130200 ms CreateObjectMapping: 0.030800 ms MarkObjects: 1.503400 ms  DeleteObjects: 0.056300 ms)

========================================================================
Received Import Request.
  Time since last request: 2906.134656 seconds.
  path: Assets/Scripts/Agent.cs
  artifactKey: Guid(16e33ab869dff4d47be8b9ccf1fda758) Importer(815301076,1909f56bfc062723c751e8b465ee728b)
Start importing Assets/Scripts/Agent.cs using Guid(16e33ab869dff4d47be8b9ccf1fda758) Importer(815301076,1909f56bfc062723c751e8b465ee728b)  -> (artifact id: '43f3b900268cef3361e4dfaea5519c50') in 0.004378 seconds
  Import took 0.005915 seconds .

========================================================================
Received Import Request.
  Time since last request: 1450.644973 seconds.
  path: Assets/Scripts/Agent.cs
  artifactKey: Guid(16e33ab869dff4d47be8b9ccf1fda758) Importer(815301076,1909f56bfc062723c751e8b465ee728b)
Start importing Assets/Scripts/Agent.cs using Guid(16e33ab869dff4d47be8b9ccf1fda758) Importer(815301076,1909f56bfc062723c751e8b465ee728b)  -> (artifact id: '1bcacada48734d67c2e337bf0c638520') in 0.002460 seconds
  Import took 0.004735 seconds .

========================================================================
Received Import Request.
  Time since last request: 0.022250 seconds.
  path: Assets/Scripts/Agent.cs
  artifactKey: Guid(16e33ab869dff4d47be8b9ccf1fda758) Importer(815301076,1909f56bfc062723c751e8b465ee728b)
Start importing Assets/Scripts/Agent.cs using Guid(16e33ab869dff4d47be8b9ccf1fda758) Importer(815301076,1909f56bfc062723c751e8b465ee728b)  -> (artifact id: '1bcacada48734d67c2e337bf0c638520') in 0.002520 seconds
  Import took 0.004067 seconds .

========================================================================
Received Import Request.
  Time since last request: 405.343260 seconds.
  path: Assets/Scripts/Planner.cs
  artifactKey: Guid(c957fed52f5ad734987b43942f888c7e) Importer(815301076,1909f56bfc062723c751e8b465ee728b)
Start importing Assets/Scripts/Planner.cs using Guid(c957fed52f5ad734987b43942f888c7e) Importer(815301076,1909f56bfc062723c751e8b465ee728b)  -> (artifact id: '1c2102355cbe8cd8c684525abeef66da') in 0.003077 seconds
  Import took 0.004968 seconds .

AssetImportWorkerClient::OnTransportError - code=2 error=End of file
